<?xml version="1.0" encoding="utf-8"?>
<TestRun id="42c571bb-c9d0-4acd-9b15-c0cd6f9b7916" name="JulianB@BLACKMINI 2026-09-21 15:23:32" runUser="BLACKMINI\JulianB" xmlns="http://microsoft.com/schemas/VisualStudio/TeamTest/2010">
  <Times creation="2026-09-21T15:23:32.0092146+10:00" queuing="2026-09-21T15:23:32.0092150+10:00" start="2026-09-21T15:23:29.7013127+10:00" finish="2026-09-21T15:23:37.6471599+10:00" />
  <TestSettings name="default" id="5a254985-5e49-4db1-9063-88a52f5f4833">
    <Deployment runDeploymentRoot="JulianB_BLACKMINI_2026-09-21_15_23_32" />
  </TestSettings>
  <Results>
    <UnitTestResult executionId="5487d75b-d412-4ee2-a0a5-796d73caf3c2" testId="ddf184a6-8a3f-4514-5312-cd4b1adcfe72" testName="OpenWinSidecar.Service.Tests.AuthAndOriginTests.Header_Bearer_Mismatch_Denies" computerName="BLACKMINI" duration="00:00:00.4064288" startTime="2026-09-21T15:23:31.5746136+10:00" endTime="2026-09-21T15:23:31.9733092+10:00" testType="13cdc9d9-ddb5-4fa4-a97d-d965ccfc6d4b" outcome="Passed" testListId="8c84fa94-04c1-424b-9868-57a2d4851a1d" relativeResultsDirectory="5487d75b-d412-4ee2-a0a5-796d73caf3c2" />
    <UnitTestResult executionId="32c4fe25-eb11-4e18-bb93-202b2b84d7ce" testId="d0d0fb6b-e7f7-eb21-2c8e-10db2738b534" testName="OpenWinSidecar.Service.Tests.CaptureAndSinkTests.Stats_NullLatencyClearsPreviousSample_AndUpdatesOtherMetrics" computerName="BLACKMINI" duration="00:00:00.0305764" startTime="2026-09-21T15:23:36.6730448+10:00" endTime="2026-09-21T15:23:36.7035674+10:00" testType="13cdc9d9-ddb5-4fa4-a97d-d965ccfc6d4b" outcome="Passed" testListId="8c84fa94-04c1-424b-9868-57a2d4851a1d" relativeResultsDirectory="32c4fe25-eb11-4e18-bb93-202b2b84d7ce" />
    <UnitTestResult executionId="ea2ba5d0-76e8-452d-aeb0-eef5fcbabcdc" testId="f271766b-2b94-1aa2-22f1-ac55197af269" testName="OpenWinSidecar.Service.Tests.CaptureAndSinkTests.DisconnectByAddress_InvokesSessionShutdown_NotSinkDispose" computerName="BLACKMINI" duration="00:00:00.0309730" startTime="2026-09-21T15:23:37.4326634+10:00" endTime="2026-09-21T15:23:37.4635334+10:00" testType="13cdc9d9-ddb5-4fa4-a97d-d965ccfc6d4b" outcome="Passed" testListId="8c84fa94-04c1-424b-9868-57a2d4851a1d" relativeResultsDirectory="ea2ba5d0-76e8-452d-aeb0-eef5fcbabcdc" />
    <UnitTestResult executionId="3108a4dc-7f05-4aa2-808e-4c8e15234ee8" testId="fa98659f-8f10-f8e7-7593-410174bb934b" testName="OpenWinSidecar.Service.Tests.CaptureAndSinkTests.StreamFramerate_InvalidCommandPreservesSelection(command: &quot;fps:60,120&quot;)" computerName="BLACKMINI" duration="00:00:00.0015973" startTime="2026-09-21T15:23:33.7286509+10:00" endTime="2026-09-21T15:23:33.7301433+10:00" testType="13cdc9d9-ddb5-4fa4-a97d-d965ccfc6d4b" outcome="Passed" testListId="8c84fa94-04c1-424b-9868-57a2d4851a1d" relativeResultsDirectory="3108a4dc-7f05-4aa2-808e-4c8e15234ee8" />
    <UnitTestResult executionId="0344d36e-735d-4729-bff9-9a8818ce6e47" testId="65a59176-efc4-32d7-c1d7-cdbf20a308ac" testName="OpenWinSidecar.Service.Tests.LocalPreviewTests.Loopback_RequiresPreviewWithoutEnumeratingAdapters(peer: &quot;::1&quot;)" computerName="BLACKMINI" duration="00:00:00.0000047" startTime="2026-09-21T15:23:32.0189718+10:00" endTime="2026-09-21T15:23:32.0190671+10:00" testType="13cdc9d9-ddb5-4fa4-a97d-d965ccfc6d4b" outcome="Passed" testListId="8c84fa94-04c1-424b-9868-57a2d4851a1d" relativeResultsDirectory="0344d36e-735d-4729-bff9-9a8818ce6e47" />
    <UnitTestResult executionId="fe1f9000-32f3-498d-a6fc-14b74d72adb6" testId="3106169a-ff12-ddac-cb61-31ee1f048248" testName="OpenWinSidecar.Service.Tests.WebCodecsFramingTests.BuildPacket_LaysOutFifteenByteHeaderThenPayload" computerName="BLACKMINI" duration="00:00:00.4201362" startTime="2026-09-21T15:23:31.5747070+10:00" endTime="2026-09-21T15:23:32.0235268+10:00" testType="13cdc9d9-ddb5-4fa4-a97d-d965ccfc6d4b" outcome="Passed" testListId="8c84fa94-04c1-424b-9868-57a2d4851a1d" relativeResultsDirectory="fe1f9000-32f3-498d-a6fc-14b74d72adb6" />
    <UnitTestResult executionId="025beef0-4aa0-46f1-bac2-924774ae6822" testId="9d610369-329f-bfed-7d2e-5d37c07c9bca" testName="OpenWinSidecar.Service.Tests.AuthAndOriginTests.Header_XAccessToken_Mismatch_Denies" computerName="BLACKMINI" duration="00:00:00.0000894" startTime="2026-09-21T15:23:32.0179479+10:00" endTime="2026-09-21T15:23:32.0180817+10:00" testType="13cdc9d9-ddb5-4fa4-a97d-d965ccfc6d4b" outcome="Passed" testListId="8c84fa94-04c1-424b-9868-57a2d4851a1d" relativeResultsDirectory="025beef0-4aa0-46f1-bac2-924774ae6822" />
    <UnitTestResult executionId="4eedd758-7bc5-4d1a-b431-559a91047456" testId="24791287-17ce-9f40-9db4-859b600e701d" testName="OpenWinSidecar.Service.Tests.RegistrySaveScriptTests.Quote_DoublesEmbeddedSingleQuotes" computerName="BLACKMINI" duration="00:00:00.0003035" startTime="2026-09-21T15:23:32.0083304+10:00" endTime="2026-09-21T15:23:32.0092771+10:00" testType="13cdc9d9-ddb5-4fa4-a97d-d965ccfc6d4b" outcome="Passed" testListId="8c84fa94-04c1-424b-9868-57a2d4851a1d" relativeResultsDirectory="4eedd758-7bc5-4d1a-b431-559a91047456" />
    <UnitTestResult executionId="21deac28-7242-4af8-b708-edac7363e4f2" testId="9a2b31c1-76cf-199b-6f00-8f72c1858570" testName="OpenWinSidecar.Service.Tests.CaptureAndSinkTests.StreamFramerate_InvalidCommandPreservesSelection(command: &quot;set_res:2360,1640,120&quot;)" computerName="BLACKMINI" duration="00:00:00.0018395" startTime="2026-09-21T15:23:33.7376601+10:00" endTime="2026-09-21T15:23:33.7381030+10:00" testType="13cdc9d9-ddb5-4fa4-a97d-d965ccfc6d4b" outcome="Passed" testListId="8c84fa94-04c1-424b-9868-57a2d4851a1d" relativeResultsDirectory="21deac28-7242-4af8-b708-edac7363e4f2" />
    <UnitTestResult executionId="46de6685-78fc-47f2-876d-9d00ba3aa5e0" testId="a0a049e3-5332-3cf3-95b7-985d23d19810" testName="OpenWinSidecar.Service.Tests.AuthAndOriginTests.Query_Pw_Mismatch_Denies" computerName="BLACKMINI" duration="00:00:00.0001128" startTime="2026-09-21T15:23:32.0203398+10:00" endTime="2026-09-21T15:23:32.0203855+10:00" testType="13cdc9d9-ddb5-4fa4-a97d-d965ccfc6d4b" outcome="Passed" testListId="8c84fa94-04c1-424b-9868-57a2d4851a1d" relativeResultsDirectory="46de6685-78fc-47f2-876d-9d00ba3aa5e0" />
    <UnitTestResult executionId="b974271e-9847-4a51-8e0f-15f2c553ca62" testId="5d15fdab-167d-1020-79cf-f53faed26011" testName="OpenWinSidecar.Service.Tests.CaptureAndSinkTests.StreamFramerate_InvalidCommandPreservesSelection(command: &quot;fps:-30&quot;)" computerName="BLACKMINI" duration="00:00:00.0031573" startTime="2026-09-21T15:23:33.7177328+10:00" endTime="2026-09-21T15:23:33.7191129+10:00" testType="13cdc9d9-ddb5-4fa4-a97d-d965ccfc6d4b" outcome="Passed" testListId="8c84fa94-04c1-424b-9868-57a2d4851a1d" relativeResultsDirectory="b974271e-9847-4a51-8e0f-15f2c553ca62" />
    <UnitTestResult executionId="abfd505e-9f57-43e5-ac28-431e63740419" testId="49e2c2ae-2883-14b8-ffaf-fa9194d49f33" testName="OpenWinSidecar.Service.Tests.AuthAndOriginTests.Origin_Missing_AllowsNativeClients" computerName="BLACKMINI" duration="00:00:00.0001538" startTime="2026-09-21T15:23:32.0154691+10:00" endTime="2026-09-21T15:23:32.0166593+10:00" testType="13cdc9d9-ddb5-4fa4-a97d-d965ccfc6d4b" outcome="Passed" testListId="8c84fa94-04c1-424b-9868-57a2d4851a1d" relativeResultsDirectory="abfd505e-9f57-43e5-ac28-431e63740419" />
    <UnitTestResult executionId="9f5bc39f-fb6e-4ea3-b367-7a04b5648eb0" testId="658c2529-69a7-8430-ae6b-464b042c367d" testName="OpenWinSidecar.Service.Tests.CaptureAndSinkTests.DxgiTimeout_OnlyWaitTimeoutIsBenign" computerName="BLACKMINI" duration="00:00:00.0146086" startTime="2026-09-21T15:23:36.8594464+10:00" endTime="2026-09-21T15:23:36.8740636+10:00" testType="13cdc9d9-ddb5-4fa4-a97d-d965ccfc6d4b" outcome="Passed" testListId="8c84fa94-04c1-424b-9868-57a2d4851a1d" relativeResultsDirectory="9f5bc39f-fb6e-4ea3-b367-7a04b5648eb0" />
    <UnitTestResult executionId="f3239f89-6c91-473e-b79b-5b9a68488ec7" testId="648ac4ed-2d10-b760-ee18-bb25a94e3a10" testName="OpenWinSidecar.Service.Tests.CaptureAndSinkTests.ForceIdr_OnHevcSession_ForcesComposeOnStaticDesktop" computerName="BLACKMINI" duration="00:00:00.5583263" startTime="2026-09-21T15:23:36.8742692+10:00" endTime="2026-09-21T15:23:37.4324817+10:00" testType="13cdc9d9-ddb5-4fa4-a97d-d965ccfc6d4b" outcome="Passed" testListId="8c84fa94-04c1-424b-9868-57a2d4851a1d" relativeResultsDirectory="f3239f89-6c91-473e-b79b-5b9a68488ec7" />
    <UnitTestResult executionId="0875ad17-e75c-429b-bb35-5901ac2e188b" testId="c5fd5825-6ca9-4cad-8c4c-efc591d19425" testName="OpenWinSidecar.Service.Tests.AppleUsbSupportTests.ClassifyEndpoint_DoesNotTreatPlainUsbAdapters_AsAppleCable" computerName="BLACKMINI" duration="00:00:00.0092619" startTime="2026-09-21T15:23:32.0274602+10:00" endTime="2026-09-21T15:23:32.0275174+10:00" testType="13cdc9d9-ddb5-4fa4-a97d-d965ccfc6d4b" outcome="Passed" testListId="8c84fa94-04c1-424b-9868-57a2d4851a1d" relativeResultsDirectory="0875ad17-e75c-429b-bb35-5901ac2e188b" />
    <UnitTestResult executionId="4e216b2e-977c-4553-893d-c0b4587570d1" testId="9e9af9dc-ec00-0809-b1b5-48929b4fb161" testName="OpenWinSidecar.Service.Tests.CaptureAndSinkTests.StaleSink_WithOldLastActivity_TriggersDisconnect" computerName="BLACKMINI" duration="00:00:00.0316714" startTime="2026-09-21T15:23:37.4636495+10:00" endTime="2026-09-21T15:23:37.4952838+10:00" testType="13cdc9d9-ddb5-4fa4-a97d-d965ccfc6d4b" outcome="Passed" testListId="8c84fa94-04c1-424b-9868-57a2d4851a1d" relativeResultsDirectory="4e216b2e-977c-4553-893d-c0b4587570d1" />
    <UnitTestResult executionId="01bb8507-f72c-49ed-8efc-0336ecc60aa9" testId="d300a80e-0ac2-0055-309b-53ae2f108395" testName="OpenWinSidecar.Service.Tests.CaptureAndSinkTests.StreamFramerate_InvalidCommandPreservesSelection(command: &quot;fps:31&quot;)" computerName="BLACKMINI" duration="00:00:00.0023203" startTime="2026-09-21T15:23:33.7241732+10:00" endTime="2026-09-21T15:23:33.7263245+10:00" testType="13cdc9d9-ddb5-4fa4-a97d-d965ccfc6d4b" outcome="Passed" testListId="8c84fa94-04c1-424b-9868-57a2d4851a1d" relativeResultsDirectory="01bb8507-f72c-49ed-8efc-0336ecc60aa9" />
    <UnitTestResult executionId="eb544d47-f31a-47e7-9163-7c41234bab94" testId="b4de90af-fd20-a00d-cae1-a8c6519fffed" testName="OpenWinSidecar.Service.Tests.CaptureAndSinkTests.ForceIdr_OnJpegSession_DoesNotForceCompose" computerName="BLACKMINI" duration="00:00:00.0776755" startTime="2026-09-21T15:23:33.0257441+10:00" endTime="2026-09-21T15:23:33.1025581+10:00" testType="13cdc9d9-ddb5-4fa4-a97d-d965ccfc6d4b" outcome="Passed" testListId="8c84fa94-04c1-424b-9868-57a2d4851a1d" relativeResultsDirectory="eb544d47-f31a-47e7-9163-7c41234bab94" />
    <UnitTestResult executionId="68d0a423-cac2-4aa3-83b6-0fb69c710a69" testId="42700981-a269-aa16-2e53-1b8dbda59f20" testName="OpenWinSidecar.Service.Tests.AuthAndOriginTests.Origin_WithoutHostHeader_Denies" computerName="BLACKMINI" duration="00:00:00.0000943" startTime="2026-09-21T15:23:32.0219519+10:00" endTime="2026-09-21T15:23:32.0220966+10:00" testType="13cdc9d9-ddb5-4fa4-a97d-d965ccfc6d4b" outcome="Passed" testListId="8c84fa94-04c1-424b-9868-57a2d4851a1d" relativeResultsDirectory="68d0a423-cac2-4aa3-83b6-0fb69c710a69" />
    <UnitTestResult executionId="0213d41c-7e0b-44da-8ff5-6e4ad86b5b91" testId="62a9dd24-2bad-37b3-03c5-74652f7ad3e2" testName="OpenWinSidecar.Service.Tests.AppleUsbSupportTests.StoreProductId_IsWellFormed" computerName="BLACKMINI" duration="00:00:00.0712748" startTime="2026-09-21T15:23:32.0276165+10:00" endTime="2026-09-21T15:23:32.0927736+10:00" testType="13cdc9d9-ddb5-4fa4-a97d-d965ccfc6d4b" outcome="Passed" testListId="8c84fa94-04c1-424b-9868-57a2d4851a1d" relativeResultsDirectory="0213d41c-7e0b-44da-8ff5-6e4ad86b5b91" />
    <UnitTestResult executionId="de61e5f6-8190-4dc9-84ef-bc65ac7e2381" testId="85ea6c15-48f3-4869-bf66-b318e036b766" testName="OpenWinSidecar.Service.Tests.LocalPreviewTests.AssignedAddress_RequiresPreview(peer: &quot;192.168.1.12&quot;, assigned: &quot;192.168.1.12&quot;)" computerName="BLACKMINI" duration="00:00:00.0000096" startTime="2026-09-21T15:23:31.9991935+10:00" endTime="2026-09-21T15:23:32.0077953+10:00" testType="13cdc9d9-ddb5-4fa4-a97d-d965ccfc6d4b" outcome="Passed" testListId="8c84fa94-04c1-424b-9868-57a2d4851a1d" relativeResultsDirectory="de61e5f6-8190-4dc9-84ef-bc65ac7e2381" />
    <UnitTestResult executionId="732d0e14-c60f-4691-8cf7-fa88e9a8ac65" testId="322a40a4-8244-2669-5f4c-5e9bd54c3d2e" testName="OpenWinSidecar.Service.Tests.AuthAndOriginTests.Query_NoPw_Denies" computerName="BLACKMINI" duration="00:00:00.0005508" startTime="2026-09-21T15:23:32.0147878+10:00" endTime="2026-09-21T15:23:32.0153283+10:00" testType="13cdc9d9-ddb5-4fa4-a97d-d965ccfc6d4b" outcome="Passed" testListId="8c84fa94-04c1-424b-9868-57a2d4851a1d" relativeResultsDirectory="732d0e14-c60f-4691-8cf7-fa88e9a8ac65" />
    <UnitTestResult executionId="3b808113-6d29-4954-8e13-572200105ab2" testId="f51d3a14-0dd9-5e71-d829-fac556bc67fa" testName="OpenWinSidecar.Service.Tests.WsTextMessageAssemblerTests.EmptyTextFrame_YieldsNothing" computerName="BLACKMINI" duration="00:00:00.4102819" startTime="2026-09-21T15:23:31.5723476+10:00" endTime="2026-09-21T15:23:31.9734311+10:00" testType="13cdc9d9-ddb5-4fa4-a97d-d965ccfc6d4b" outcome="Passed" testListId="8c84fa94-04c1-424b-9868-57a2d4851a1d" relativeResultsDirectory="3b808113-6d29-4954-8e13-572200105ab2" />
    <UnitTestResult executionId="e9057f2f-0243-430f-ac62-3148a901cdff" testId="fcedcf1e-3bac-06a6-7337-3620e532891b" testName="OpenWinSidecar.Service.Tests.CaptureAndSinkTests.StreamFramerate_InvalidCommandPreservesSelection(command: &quot;fps:0&quot;)" computerName="BLACKMINI" duration="00:00:00.0023620" startTime="2026-09-21T15:23:33.7193271+10:00" endTime="2026-09-21T15:23:33.7216922+10:00" testType="13cdc9d9-ddb5-4fa4-a97d-d965ccfc6d4b" outcome="Passed" testListId="8c84fa94-04c1-424b-9868-57a2d4851a1d" relativeResultsDirectory="e9057f2f-0243-430f-ac62-3148a901cdff" />
    <UnitTestResult executionId="b8bae466-ad1f-4055-becf-8b8d45a4d21d" testId="3e3d06be-0bc6-3e33-0c7e-11cfa4164e9b" testName="OpenWinSidecar.Service.Tests.WsTextMessageAssemblerTests.ExtendedLengthFrame_Parsed" computerName="BLACKMINI" duration="00:00:00.0002290" startTime="2026-09-21T15:23:32.0257820+10:00" endTime="2026-09-21T15:23:32.0258250+10:00" testType="13cdc9d9-ddb5-4fa4-a97d-d965ccfc6d4b" outcome="Passed" testListId="8c84fa94-04c1-424b-9868-57a2d4851a1d" relativeResultsDirectory="b8bae466-ad1f-4055-becf-8b8d45a4d21d" />
    <UnitTestResult executionId="1b4f66b5-9e3c-4340-b746-e622e7777919" testId="5041b457-5fcd-ce53-2f58-0e5f03c1e9a3" testName="OpenWinSidecar.Service.Tests.CaptureAndSinkTests.StreamFramerate_InvalidCommandPreservesSelection(command: &quot;fps:abc&quot;)" computerName="BLACKMINI" duration="00:00:00.0020653" startTime="2026-09-21T15:23:33.7265302+10:00" endTime="2026-09-21T15:23:33.7284659+10:00" testType="13cdc9d9-ddb5-4fa4-a97d-d965ccfc6d4b" outcome="Passed" testListId="8c84fa94-04c1-424b-9868-57a2d4851a1d" relativeResultsDirectory="1b4f66b5-9e3c-4340-b746-e622e7777919" />
    <UnitTestResult executionId="0dab08ad-510f-4a40-a74f-608dbcb21b1b" testId="add86b49-7799-4b89-bf23-2f8e135bb1a0" testName="OpenWinSidecar.Service.Tests.LocalPreviewTests.Loopback_RequiresPreviewWithoutEnumeratingAdapters(peer: &quot;127.0.0.1&quot;)" computerName="BLACKMINI" duration="00:00:00.0001399" startTime="2026-09-21T15:23:32.0187029+10:00" endTime="2026-09-21T15:23:32.0187516+10:00" testType="13cdc9d9-ddb5-4fa4-a97d-d965ccfc6d4b" outcome="Passed" testListId="8c84fa94-04c1-424b-9868-57a2d4851a1d" relativeResultsDirectory="0dab08ad-510f-4a40-a74f-608dbcb21b1b" />
    <UnitTestResult executionId="99c4c450-7707-4631-a60f-1147ca27b6bd" testId="82e09f5b-6ec6-4762-f0ae-a8ce2eceec07" testName="OpenWinSidecar.Service.Tests.CaptureAndSinkTests.StreamFramerate_InvalidCommandPreservesSelection(command: &quot;fps:60000000000000000000&quot;)" computerName="BLACKMINI" duration="00:00:00.0021104" startTime="2026-09-21T15:23:33.7322793+10:00" endTime="2026-09-21T15:23:33.7342415+10:00" testType="13cdc9d9-ddb5-4fa4-a97d-d965ccfc6d4b" outcome="Passed" testListId="8c84fa94-04c1-424b-9868-57a2d4851a1d" relativeResultsDirectory="99c4c450-7707-4631-a60f-1147ca27b6bd" />
    <UnitTestResult executionId="34e2eb15-9dc7-481e-8a83-3c8dcd96945f" testId="d0f4bd7e-a974-4044-97e2-fc739fe4cdcb" testName="OpenWinSidecar.Service.Tests.WebCodecsFramingTests.WriteHeaders_ReserveIsExactly25Bytes" computerName="BLACKMINI" duration="00:00:00.0008298" startTime="2026-09-21T15:23:32.0238299+10:00" endTime="2026-09-21T15:23:32.0238755+10:00" testType="13cdc9d9-ddb5-4fa4-a97d-d965ccfc6d4b" outcome="Passed" testListId="8c84fa94-04c1-424b-9868-57a2d4851a1d" relativeResultsDirectory="34e2eb15-9dc7-481e-8a83-3c8dcd96945f" />
    <UnitTestResult executionId="2044295c-67ca-4cf0-b6e1-85a7f4056a7c" testId="7e5a387c-90a4-5876-bfc0-feb003719b62" testName="OpenWinSidecar.Service.Tests.LocalPreviewTests.AssignedAddress_RequiresPreview(peer: &quot;::ffff:192.168.1.12&quot;, assigned: &quot;192.168.1.12&quot;)" computerName="BLACKMINI" duration="00:00:00.0000117" startTime="2026-09-21T15:23:32.0086131+10:00" endTime="2026-09-21T15:23:32.0087686+10:00" testType="13cdc9d9-ddb5-4fa4-a97d-d965ccfc6d4b" outcome="Passed" testListId="8c84fa94-04c1-424b-9868-57a2d4851a1d" relativeResultsDirectory="2044295c-67ca-4cf0-b6e1-85a7f4056a7c" />
    <UnitTestResult executionId="bc87a88e-0344-4681-8d33-bb13987c1798" testId="7bdfe2d4-8a73-8ed9-a3ec-93b88df0c631" testName="OpenWinSidecar.Service.Tests.CaptureAndSinkTests.StreamFramerate_InvalidCommandPreservesSelection(command: &quot;fps: 60&quot;)" computerName="BLACKMINI" duration="00:00:00.0022206" startTime="2026-09-21T15:23:33.7218990+10:00" endTime="2026-09-21T15:23:33.7239127+10:00" testType="13cdc9d9-ddb5-4fa4-a97d-d965ccfc6d4b" outcome="Passed" testListId="8c84fa94-04c1-424b-9868-57a2d4851a1d" relativeResultsDirectory="bc87a88e-0344-4681-8d33-bb13987c1798" />
    <UnitTestResult executionId="933ce472-b27b-48de-95f0-ec3bd8dfb3c6" testId="e501c1ee-b4b0-c352-db27-427469cc2f7a" testName="OpenWinSidecar.Service.Tests.LocalPreviewTests.MissingPeer_DoesNotEnumerateAdapters" computerName="BLACKMINI" duration="00:00:00.0004035" startTime="2026-09-21T15:23:32.0089903+10:00" endTime="2026-09-21T15:23:32.0103292+10:00" testType="13cdc9d9-ddb5-4fa4-a97d-d965ccfc6d4b" outcome="Passed" testListId="8c84fa94-04c1-424b-9868-57a2d4851a1d" relativeResultsDirectory="933ce472-b27b-48de-95f0-ec3bd8dfb3c6" />
    <UnitTestResult executionId="9ee51cb0-f749-4cf7-b122-19d0d1a88d3c" testId="2053b90d-4cf3-8757-b9c6-211b2bca557c" testName="OpenWinSidecar.Service.Tests.WebCodecsFramingTests.WriteHeaders_SmallFrame_UsesTwoByteWebSocketHeader" computerName="BLACKMINI" duration="00:00:00.0001647" startTime="2026-09-21T15:23:32.0241241+10:00" endTime="2026-09-21T15:23:32.0241837+10:00" testType="13cdc9d9-ddb5-4fa4-a97d-d965ccfc6d4b" outcome="Passed" testListId="8c84fa94-04c1-424b-9868-57a2d4851a1d" relativeResultsDirectory="9ee51cb0-f749-4cf7-b122-19d0d1a88d3c" />
    <UnitTestResult executionId="7219e49f-4db1-4131-8693-dc8ea23e4446" testId="b921eb83-7ba4-9e27-4eb9-6b2e53778dd2" testName="OpenWinSidecar.Service.Tests.HevcTimingTests.OutputBeforePushReturns_WaitsForConfirmation_AndFailureIsNotMeasured(success: False)" computerName="BLACKMINI" duration="00:00:00.0009199" startTime="2026-09-21T15:23:32.0272149+10:00" endTime="2026-09-21T15:23:32.0272634+10:00" testType="13cdc9d9-ddb5-4fa4-a97d-d965ccfc6d4b" outcome="Passed" testListId="8c84fa94-04c1-424b-9868-57a2d4851a1d" relativeResultsDirectory="7219e49f-4db1-4131-8693-dc8ea23e4446" />
    <UnitTestResult executionId="3b854671-3ed0-4c1c-9935-12b6dcfd3957" testId="a604e790-4364-e883-826f-95fc4423e22c" testName="OpenWinSidecar.Service.Tests.CaptureAndSinkTests.Kick_WhileFrameIsPending_DoesNotThrow" computerName="BLACKMINI" duration="00:00:00.0312235" startTime="2026-09-21T15:23:36.7977467+10:00" endTime="2026-09-21T15:23:36.8287493+10:00" testType="13cdc9d9-ddb5-4fa4-a97d-d965ccfc6d4b" outcome="Passed" testListId="8c84fa94-04c1-424b-9868-57a2d4851a1d" relativeResultsDirectory="3b854671-3ed0-4c1c-9935-12b6dcfd3957" />
    <UnitTestResult executionId="aa7a3345-309f-45b5-a171-f6a3dd617d87" testId="3a0befa9-3695-809a-4d92-f280ffa4b67d" testName="OpenWinSidecar.Service.Tests.CaptureAndSinkTests.Stats_HiddenOrNoPaint_SuppressMetrics(visible: &quot;true&quot;, frameAge: &quot;10000&quot;, status: &quot;No recent frames&quot;)" computerName="BLACKMINI" duration="00:00:00.0316144" startTime="2026-09-21T15:23:33.1645897+10:00" endTime="2026-09-21T15:23:33.1960549+10:00" testType="13cdc9d9-ddb5-4fa4-a97d-d965ccfc6d4b" outcome="Passed" testListId="8c84fa94-04c1-424b-9868-57a2d4851a1d" relativeResultsDirectory="aa7a3345-309f-45b5-a171-f6a3dd617d87" />
    <UnitTestResult executionId="1e55b283-950e-43fb-92c4-6b195465a8f2" testId="088f35a9-255b-afb6-f1b1-99c404f9046d" testName="OpenWinSidecar.Service.Tests.HevcTimingTests.DiagnosticsFlushAtFiveSeconds_ResetAndRemainRateLimitedAfterIdle" computerName="BLACKMINI" duration="00:00:00.0031564" startTime="2026-09-21T15:23:32.0152307+10:00" endTime="2026-09-21T15:23:32.0225059+10:00" testType="13cdc9d9-ddb5-4fa4-a97d-d965ccfc6d4b" outcome="Passed" testListId="8c84fa94-04c1-424b-9868-57a2d4851a1d" relativeResultsDirectory="1e55b283-950e-43fb-92c4-6b195465a8f2" />
    <UnitTestResult executionId="2fccc570-1949-4485-bd02-482960b0c4c5" testId="d77cefe7-3de8-35af-e06e-1a76f3862939" testName="OpenWinSidecar.Service.Tests.CaptureAndSinkTests.Stats_FrameAgeExpiresAt10Seconds_EvenBetweenReports" computerName="BLACKMINI" duration="00:00:00.0309073" startTime="2026-09-21T15:23:36.7037732+10:00" endTime="2026-09-21T15:23:36.7345312+10:00" testType="13cdc9d9-ddb5-4fa4-a97d-d965ccfc6d4b" outcome="Passed" testListId="8c84fa94-04c1-424b-9868-57a2d4851a1d" relativeResultsDirectory="2fccc570-1949-4485-bd02-482960b0c4c5" />
    <UnitTestResult executionId="48f3e822-44b8-407c-a2b9-d7ace3f6a34f" testId="f6e27b4f-5377-373c-fb35-cedfa5f42455" testName="OpenWinSidecar.Service.Tests.CaptureAndSinkTests.PartialDirtyUpdate_ComposesChangedRegion_AndPreservesRest" computerName="BLACKMINI" duration="00:00:00.0302152" startTime="2026-09-21T15:23:33.1342564+10:00" endTime="2026-09-21T15:23:33.1643358+10:00" testType="13cdc9d9-ddb5-4fa4-a97d-d965ccfc6d4b" outcome="Passed" testListId="8c84fa94-04c1-424b-9868-57a2d4851a1d" relativeResultsDirectory="48f3e822-44b8-407c-a2b9-d7ace3f6a34f" />
    <UnitTestResult executionId="8911768f-08d8-4d7e-bb6d-f1146acef522" testId="73db33b5-250a-4b29-1ab6-2065f01921d0" testName="OpenWinSidecar.Service.Tests.LocalPreviewTests.OtherPeer_DoesNotRequirePreview(peer: &quot;192.168.1.13&quot;)" computerName="BLACKMINI" duration="00:00:00.0002989" startTime="2026-09-21T15:23:32.0115249+10:00" endTime="2026-09-21T15:23:32.0132049+10:00" testType="13cdc9d9-ddb5-4fa4-a97d-d965ccfc6d4b" outcome="Passed" testListId="8c84fa94-04c1-424b-9868-57a2d4851a1d" relativeResultsDirectory="8911768f-08d8-4d7e-bb6d-f1146acef522" />
    <UnitTestResult executionId="4b00edcb-9e41-46ba-98cb-2bffbf6804c9" testId="7956a77d-a443-edc6-4071-5d1526a77b41" testName="OpenWinSidecar.Service.Tests.LocalPreviewTests.AdapterEnumerationFailure_DoesNotPreventServing" computerName="BLACKMINI" duration="00:00:00.0010108" startTime="2026-09-21T15:23:32.0199637+10:00" endTime="2026-09-21T15:23:32.0220007+10:00" testType="13cdc9d9-ddb5-4fa4-a97d-d965ccfc6d4b" outcome="Passed" testListId="8c84fa94-04c1-424b-9868-57a2d4851a1d" relativeResultsDirectory="4b00edcb-9e41-46ba-98cb-2bffbf6804c9" />
    <UnitTestResult executionId="e8763408-b476-43aa-9e51-9708ead14943" testId="a5a5cbad-f203-9ce7-db62-f05e57a1874e" testName="OpenWinSidecar.Service.Tests.CaptureAndSinkTests.Stats_LegacyClientsRemainCompatible_ButIdleLatencyExpires" computerName="BLACKMINI" duration="00:00:00.0314747" startTime="2026-09-21T15:23:36.7347219+10:00" endTime="2026-09-21T15:23:36.7660946+10:00" testType="13cdc9d9-ddb5-4fa4-a97d-d965ccfc6d4b" outcome="Passed" testListId="8c84fa94-04c1-424b-9868-57a2d4851a1d" relativeResultsDirectory="e8763408-b476-43aa-9e51-9708ead14943" />
    <UnitTestResult executionId="57a12983-88b9-419f-b8bb-6984a5ee3837" testId="e79b061e-e7c4-df4f-7ac1-35f6bc4692b9" testName="OpenWinSidecar.Service.Tests.CaptureAndSinkTests.CalmUpgradeHold_PreventsScaleFlipOnBriefStillness" computerName="BLACKMINI" duration="00:00:00.0001952" startTime="2026-09-21T15:23:36.8592851+10:00" endTime="2026-09-21T15:23:36.8593247+10:00" testType="13cdc9d9-ddb5-4fa4-a97d-d965ccfc6d4b" outcome="Passed" testListId="8c84fa94-04c1-424b-9868-57a2d4851a1d" relativeResultsDirectory="57a12983-88b9-419f-b8bb-6984a5ee3837" />
    <UnitTestResult executionId="c2db5dc9-e56d-4720-9762-656e945f650c" testId="f41bc807-2be5-59dc-a7ab-bfacb1b58e59" testName="OpenWinSidecar.Service.Tests.PnputilParserTests.UnknownStatusValue_ClassifiedAsProblem" computerName="BLACKMINI" duration="00:00:00.0001072" startTime="2026-09-21T15:23:32.0111344+10:00" endTime="2026-09-21T15:23:32.0111891+10:00" testType="13cdc9d9-ddb5-4fa4-a97d-d965ccfc6d4b" outcome="Passed" testListId="8c84fa94-04c1-424b-9868-57a2d4851a1d" relativeResultsDirectory="c2db5dc9-e56d-4720-9762-656e945f650c" />
    <UnitTestResult executionId="0a2f21fc-f9c7-4195-8419-ef3100b8aca6" testId="55e33654-adae-1ce2-d54b-7ac7d287a993" testName="OpenWinSidecar.Service.Tests.RegistrySaveScriptTests.Build_KeepsInjectionAttemptInsideQuotedLiteral" computerName="BLACKMINI" duration="00:00:00.4065919" startTime="2026-09-21T15:23:31.5736799+10:00" endTime="2026-09-21T15:23:31.9734766+10:00" testType="13cdc9d9-ddb5-4fa4-a97d-d965ccfc6d4b" outcome="Passed" testListId="8c84fa94-04c1-424b-9868-57a2d4851a1d" relativeResultsDirectory="0a2f21fc-f9c7-4195-8419-ef3100b8aca6" />
    <UnitTestResult executionId="a893492f-23c0-4cfb-a305-764004f7aa00" testId="b07c1a69-b095-0b0f-92bf-36df6bc8fd5b" testName="OpenWinSidecar.Service.Tests.CaptureAndSinkTests.StreamFramerate_InvalidCommandPreservesSelection(command: &quot;fps:30.0&quot;)" computerName="BLACKMINI" duration="00:00:00.0018514" startTime="2026-09-21T15:23:33.7303388+10:00" endTime="2026-09-21T15:23:33.7320548+10:00" testType="13cdc9d9-ddb5-4fa4-a97d-d965ccfc6d4b" outcome="Passed" testListId="8c84fa94-04c1-424b-9868-57a2d4851a1d" relativeResultsDirectory="a893492f-23c0-4cfb-a305-764004f7aa00" />
    <UnitTestResult executionId="0ddbef95-cbc7-4ad3-a3d6-a9ecc04944d0" testId="e5efe085-f88a-a36f-d2a8-a478d770e0b6" testName="OpenWinSidecar.Service.Tests.LocalPreviewTests.OtherPeer_DoesNotRequirePreview(peer: &quot;2001:db8::13&quot;)" computerName="BLACKMINI" duration="00:00:00.0000183" startTime="2026-09-21T15:23:32.0134188+10:00" endTime="2026-09-21T15:23:32.0137407+10:00" testType="13cdc9d9-ddb5-4fa4-a97d-d965ccfc6d4b" outcome="Passed" testListId="8c84fa94-04c1-424b-9868-57a2d4851a1d" relativeResultsDirectory="0ddbef95-cbc7-4ad3-a3d6-a9ecc04944d0" />
    <UnitTestResult executionId="bd728a0a-05d7-4ff1-865b-7301f795c559" testId="8f0f6d6a-663a-6555-6cfb-86e4c396cf3e" testName="OpenWinSidecar.Service.Tests.HevcTimingTests.RetiredCallbacksCannotConsumeNewInputs_AndAcceptedOldPacketsDrainBeforeNewDescription" computerName="BLACKMINI" duration="00:00:00.0182132" startTime="2026-09-21T15:23:32.0234787+10:00" endTime="2026-09-21T15:23:32.0263245+10:00" testType="13cdc9d9-ddb5-4fa4-a97d-d965ccfc6d4b" outcome="Passed" testListId="8c84fa94-04c1-424b-9868-57a2d4851a1d" relativeResultsDirectory="bd728a0a-05d7-4ff1-865b-7301f795c559" />
    <UnitTestResult executionId="cce73990-83ff-4e72-84b7-37369a90f379" testId="0375d138-d6d9-deae-48e5-2058e37598d4" testName="OpenWinSidecar.Service.Tests.AuthAndOriginTests.Origin_ForeignHost_Denies" computerName="BLACKMINI" duration="00:00:00.0001672" startTime="2026-09-21T15:23:32.0200170+10:00" endTime="2026-09-21T15:23:32.0200630+10:00" testType="13cdc9d9-ddb5-4fa4-a97d-d965ccfc6d4b" outcome="Passed" testListId="8c84fa94-04c1-424b-9868-57a2d4851a1d" relativeResultsDirectory="cce73990-83ff-4e72-84b7-37369a90f379" />
    <UnitTestResult executionId="e7329494-4c4d-416c-b75a-d50dbaddbd4a" testId="d95b61bc-0666-820e-865d-4ed47cf05da3" testName="OpenWinSidecar.Service.Tests.CaptureAndSinkTests.StreamFramerate_DefaultsTo60_AndChangesIndependentlyOfResolution" computerName="BLACKMINI" duration="00:00:00.0029439" startTime="2026-09-21T15:23:33.1028125+10:00" endTime="2026-09-21T15:23:33.1056031+10:00" testType="13cdc9d9-ddb5-4fa4-a97d-d965ccfc6d4b" outcome="Passed" testListId="8c84fa94-04c1-424b-9868-57a2d4851a1d" relativeResultsDirectory="e7329494-4c4d-416c-b75a-d50dbaddbd4a" />
    <UnitTestResult executionId="6dbe512d-0403-4e93-98e9-99924fbfd626" testId="a69c7725-9ef4-4733-7bfc-29fef9bcfd27" testName="OpenWinSidecar.Service.Tests.LocalPreviewTests.Injection_ChangesOnlyMarkedBoolean(required: False, literal: &quot;false&quot;)" computerName="BLACKMINI" duration="00:00:00.0004626" startTime="2026-09-21T15:23:32.0152814+10:00" endTime="2026-09-21T15:23:32.0178549+10:00" testType="13cdc9d9-ddb5-4fa4-a97d-d965ccfc6d4b" outcome="Passed" testListId="8c84fa94-04c1-424b-9868-57a2d4851a1d" relativeResultsDirectory="6dbe512d-0403-4e93-98e9-99924fbfd626" />
    <UnitTestResult executionId="96b01bf2-a721-4872-a2f2-d2683cca4c36" testId="76c9351e-3c2c-26f6-4bb7-0d6b5eeaaee4" testName="OpenWinSidecar.Service.Tests.CaptureAndSinkTests.HevcSend_PacedAndOrderedWaitersCount_AndAllPacketsDrainInOrder" computerName="BLACKMINI" duration="00:00:00.0309951" startTime="2026-09-21T15:23:37.5271511+10:00" endTime="2026-09-21T15:23:37.5585296+10:00" testType="13cdc9d9-ddb5-4fa4-a97d-d965ccfc6d4b" outcome="Passed" testListId="8c84fa94-04c1-424b-9868-57a2d4851a1d" relativeResultsDirectory="96b01bf2-a721-4872-a2f2-d2683cca4c36" />
    <UnitTestResult executionId="d73e70dd-8548-43f2-939e-b63ddf952fac" testId="838bcb8f-bd99-e099-e5f5-4d032c0df85e" testName="OpenWinSidecar.Service.Tests.AuthAndOriginTests.Query_Pw_UrlDecoded" computerName="BLACKMINI" duration="00:00:00.0001122" startTime="2026-09-21T15:23:32.0201879+10:00" endTime="2026-09-21T15:23:32.0202343+10:00" testType="13cdc9d9-ddb5-4fa4-a97d-d965ccfc6d4b" outcome="Passed" testListId="8c84fa94-04c1-424b-9868-57a2d4851a1d" relativeResultsDirectory="d73e70dd-8548-43f2-939e-b63ddf952fac" />
    <UnitTestResult executionId="a22600bc-ec6d-47a2-8284-b6b05cae5032" testId="cc866259-0ba4-073b-db92-00f0d89571f8" testName="OpenWinSidecar.Service.Tests.PnputilParserTests.WhitespaceOnlyOutput_MeansDeviceMissing" computerName="BLACKMINI" duration="00:00:00.0001764" startTime="2026-09-21T15:23:32.0134740+10:00" endTime="2026-09-21T15:23:32.0148150+10:00" testType="13cdc9d9-ddb5-4fa4-a97d-d965ccfc6d4b" outcome="Passed" testListId="8c84fa94-04c1-424b-9868-57a2d4851a1d" relativeResultsDirectory="a22600bc-ec6d-47a2-8284-b6b05cae5032" />
    <UnitTestResult executionId="47a2f61d-ccf9-47ea-a556-48a1927f1f0d" testId="1ef2aa99-595b-c2e6-841c-9a0223bb621e" testName="OpenWinSidecar.Service.Tests.WsTextMessageAssemblerTests.FragmentedRead_MessageReassembled" computerName="BLACKMINI" duration="00:00:00.0003198" startTime="2026-09-21T15:23:32.0243963+10:00" endTime="2026-09-21T15:23:32.0244430+10:00" testType="13cdc9d9-ddb5-4fa4-a97d-d965ccfc6d4b" outcome="Passed" testListId="8c84fa94-04c1-424b-9868-57a2d4851a1d" relativeResultsDirectory="47a2f61d-ccf9-47ea-a556-48a1927f1f0d" />
    <UnitTestResult executionId="1779c462-27cf-43a1-86c2-faf8020c6a33" testId="4cfd23ca-d6e2-8023-7370-61a9af471169" testName="OpenWinSidecar.Service.Tests.AuthAndOriginTests.Origin_SameHostDifferentPort_Denies" computerName="BLACKMINI" duration="00:00:00.0001499" startTime="2026-09-21T15:23:32.0168604+10:00" endTime="2026-09-21T15:23:32.0169216+10:00" testType="13cdc9d9-ddb5-4fa4-a97d-d965ccfc6d4b" outcome="Passed" testListId="8c84fa94-04c1-424b-9868-57a2d4851a1d" relativeResultsDirectory="1779c462-27cf-43a1-86c2-faf8020c6a33" />
    <UnitTestResult executionId="30f5fe7d-507d-4108-84f8-d6ecdd14ea0f" testId="8d5304c7-d0d6-5c7c-154f-2eab9a56a5cb" testName="OpenWinSidecar.Service.Tests.LocalPreviewTests.AssignedAddress_RequiresPreview(peer: &quot;fe80::12%3&quot;, assigned: &quot;fe80::12%3&quot;)" computerName="BLACKMINI" duration="00:00:00.0012121" startTime="2026-09-21T15:23:31.9943242+10:00" endTime="2026-09-21T15:23:31.9969800+10:00" testType="13cdc9d9-ddb5-4fa4-a97d-d965ccfc6d4b" outcome="Passed" testListId="8c84fa94-04c1-424b-9868-57a2d4851a1d" relativeResultsDirectory="30f5fe7d-507d-4108-84f8-d6ecdd14ea0f" />
    <UnitTestResult executionId="cc42cb18-01ca-4311-97c0-13fe5f5fd357" testId="cbe73808-38b7-54ce-6ee0-f49e3845ae33" testName="OpenWinSidecar.Service.Tests.CaptureAndSinkTests.Stats_NewReportRestoresMetrics_AndAggregatesExcludeStaleLatency" computerName="BLACKMINI" duration="00:00:00.0473058" startTime="2026-09-21T15:23:36.6256579+10:00" endTime="2026-09-21T15:23:36.6728628+10:00" testType="13cdc9d9-ddb5-4fa4-a97d-d965ccfc6d4b" outcome="Passed" testListId="8c84fa94-04c1-424b-9868-57a2d4851a1d" relativeResultsDirectory="cc42cb18-01ca-4311-97c0-13fe5f5fd357" />
    <UnitTestResult executionId="ab1d8fe8-0e9c-4119-af7c-e9dbb7316587" testId="b6dfb501-7689-f3e4-2dad-39a7e0117f16" testName="OpenWinSidecar.Service.Tests.WebCodecsFramingTests.WriteHeaders_LargeFrame_UsesExtended64BitLength" computerName="BLACKMINI" duration="00:00:00.0014377" startTime="2026-09-21T15:23:32.0236534+10:00" endTime="2026-09-21T15:23:32.0237100+10:00" testType="13cdc9d9-ddb5-4fa4-a97d-d965ccfc6d4b" outcome="Passed" testListId="8c84fa94-04c1-424b-9868-57a2d4851a1d" relativeResultsDirectory="ab1d8fe8-0e9c-4119-af7c-e9dbb7316587" />
    <UnitTestResult executionId="6beb6616-e37e-45aa-9507-8940fe2a3fb1" testId="14d7b695-0773-8c5c-04be-13831411cdfd" testName="OpenWinSidecar.Service.Tests.LocalPreviewTests.Injection_MissingMarker_LeavesPageUnchanged" computerName="BLACKMINI" duration="00:00:00.0004973" startTime="2026-09-21T15:23:32.0141090+10:00" endTime="2026-09-21T15:23:32.0150957+10:00" testType="13cdc9d9-ddb5-4fa4-a97d-d965ccfc6d4b" outcome="Passed" testListId="8c84fa94-04c1-424b-9868-57a2d4851a1d" relativeResultsDirectory="6beb6616-e37e-45aa-9507-8940fe2a3fb1" />
    <UnitTestResult executionId="e2146d97-53e3-4c84-81d3-9d3d9bc4489b" testId="c959aeb9-31a6-8863-abff-61bb8347ef5b" testName="OpenWinSidecar.Service.Tests.LocalPreviewTests.OtherPeer_DoesNotRequirePreview(peer: &quot;203.0.113.1&quot;)" computerName="BLACKMINI" duration="00:00:00.0002115" startTime="2026-09-21T15:23:32.0106594+10:00" endTime="2026-09-21T15:23:32.0113606+10:00" testType="13cdc9d9-ddb5-4fa4-a97d-d965ccfc6d4b" outcome="Passed" testListId="8c84fa94-04c1-424b-9868-57a2d4851a1d" relativeResultsDirectory="e2146d97-53e3-4c84-81d3-9d3d9bc4489b" />
    <UnitTestResult executionId="86e97174-d0f7-4d78-a6e2-8b1d9db24f32" testId="69aff420-cc83-b9fc-9062-26d084d3c700" testName="OpenWinSidecar.Service.Tests.HubRecoveryTests.FileLogSink_RotatesPreservingOrderAndTail" computerName="BLACKMINI" duration="00:00:00.0267269" startTime="2026-09-21T15:23:31.9964451+10:00" endTime="2026-09-21T15:23:32.0259140+10:00" testType="13cdc9d9-ddb5-4fa4-a97d-d965ccfc6d4b" outcome="Passed" testListId="8c84fa94-04c1-424b-9868-57a2d4851a1d" relativeResultsDirectory="86e97174-d0f7-4d78-a6e2-8b1d9db24f32" />
    <UnitTestResult executionId="cd0fb512-a7c7-4272-bd60-ee5ab336190a" testId="bcfb2f88-6b24-ef66-0659-3782052426cc" testName="OpenWinSidecar.Service.Tests.PnputilParserTests.UnrelatedOutput_NoStatusLine_MeansDeviceMissing" computerName="BLACKMINI" duration="00:00:00.0001235" startTime="2026-09-21T15:23:32.0114463+10:00" endTime="2026-09-21T15:23:32.0116979+10:00" testType="13cdc9d9-ddb5-4fa4-a97d-d965ccfc6d4b" outcome="Passed" testListId="8c84fa94-04c1-424b-9868-57a2d4851a1d" relativeResultsDirectory="cd0fb512-a7c7-4272-bd60-ee5ab336190a" />
    <UnitTestResult executionId="cd73d421-882c-4573-9367-ef74d0b86ae8" testId="920b3059-982e-aa06-5063-77d50f8bfb1e" testName="OpenWinSidecar.Service.Tests.CaptureAndSinkTests.HevcSend_FailureBalancesCount_AndDoesNotWedgeFollowingSend(failure: &quot;cancelled&quot;)" computerName="BLACKMINI" duration="00:00:01.4140572" startTime="2026-09-21T15:23:31.5747466+10:00" endTime="2026-09-21T15:23:32.9677497+10:00" testType="13cdc9d9-ddb5-4fa4-a97d-d965ccfc6d4b" outcome="Passed" testListId="8c84fa94-04c1-424b-9868-57a2d4851a1d" relativeResultsDirectory="cd73d421-882c-4573-9367-ef74d0b86ae8" />
    <UnitTestResult executionId="92bd04b0-6ffb-48a2-ab25-d34ccfabde8f" testId="340a72d0-a8e4-ce0f-04f5-c56bc4f99800" testName="OpenWinSidecar.Service.Tests.CaptureAndSinkTests.StreamFramerate_InvalidCommandPreservesSelection(command: &quot;fps:120&quot;)" computerName="BLACKMINI" duration="00:00:00.0018797" startTime="2026-09-21T15:23:33.7344265+10:00" endTime="2026-09-21T15:23:33.7361934+10:00" testType="13cdc9d9-ddb5-4fa4-a97d-d965ccfc6d4b" outcome="Passed" testListId="8c84fa94-04c1-424b-9868-57a2d4851a1d" relativeResultsDirectory="92bd04b0-6ffb-48a2-ab25-d34ccfabde8f" />
    <UnitTestResult executionId="1dda170c-101a-46d5-ab06-9a77b90487d9" testId="59f4a552-ee7e-3909-b030-139c8c11708a" testName="OpenWinSidecar.Service.Tests.RegistrySaveScriptTests.EncodeToBase64_RoundTripsAsUtf16" computerName="BLACKMINI" duration="00:00:00.0006200" startTime="2026-09-21T15:23:32.0131560+10:00" endTime="2026-09-21T15:23:32.0149397+10:00" testType="13cdc9d9-ddb5-4fa4-a97d-d965ccfc6d4b" outcome="Passed" testListId="8c84fa94-04c1-424b-9868-57a2d4851a1d" relativeResultsDirectory="1dda170c-101a-46d5-ab06-9a77b90487d9" />
    <UnitTestResult executionId="3737aec9-b2a1-46e0-aec2-6eac04ec4e98" testId="f344bfb3-bf59-7c3a-2d10-185465a8b065" testName="OpenWinSidecar.Service.Tests.AuthAndOriginTests.Query_Pw_Match_Allows" computerName="BLACKMINI" duration="00:00:00.0001056" startTime="2026-09-21T15:23:32.0217929+10:00" endTime="2026-09-21T15:23:32.0218433+10:00" testType="13cdc9d9-ddb5-4fa4-a97d-d965ccfc6d4b" outcome="Passed" testListId="8c84fa94-04c1-424b-9868-57a2d4851a1d" relativeResultsDirectory="3737aec9-b2a1-46e0-aec2-6eac04ec4e98" />
    <UnitTestResult executionId="f3a701fd-4a53-46aa-88b2-277000176f29" testId="2942ae30-dcf2-5aec-32e8-8f173ff4a432" testName="OpenWinSidecar.Service.Tests.WsTextMessageAssemblerTests.CoalescedFrames_AllMessagesEmitted" computerName="BLACKMINI" duration="00:00:00.0117326" startTime="2026-09-21T15:23:31.9962879+10:00" endTime="2026-09-21T15:23:32.0242858+10:00" testType="13cdc9d9-ddb5-4fa4-a97d-d965ccfc6d4b" outcome="Passed" testListId="8c84fa94-04c1-424b-9868-57a2d4851a1d" relativeResultsDirectory="f3a701fd-4a53-46aa-88b2-277000176f29" />
    <UnitTestResult executionId="fb64f4a3-b7df-4bef-873f-2b7515b2c4af" testId="4d76137c-38c8-204e-b2c8-87e8deefc86e" testName="OpenWinSidecar.Service.Tests.CaptureAndSinkTests.GdiCapture_SetsFullFrameAndClearsDirtyRects" computerName="BLACKMINI" duration="00:00:00.0578143" startTime="2026-09-21T15:23:33.7383546+10:00" endTime="2026-09-21T15:23:33.7960394+10:00" testType="13cdc9d9-ddb5-4fa4-a97d-d965ccfc6d4b" outcome="Passed" testListId="8c84fa94-04c1-424b-9868-57a2d4851a1d" relativeResultsDirectory="fb64f4a3-b7df-4bef-873f-2b7515b2c4af" />
    <UnitTestResult executionId="a7aa965e-2ef5-4b7d-b576-4a2459f3b8f7" testId="fc514d24-630f-730b-437a-f06d820eb2e4" testName="OpenWinSidecar.Service.Tests.CaptureAndSinkTests.NativeFrame_InitialProperties_AreConsistent" computerName="BLACKMINI" duration="00:00:00.0004222" startTime="2026-09-21T15:23:37.5267427+10:00" endTime="2026-09-21T15:23:37.5270420+10:00" testType="13cdc9d9-ddb5-4fa4-a97d-d965ccfc6d4b" outcome="Passed" testListId="8c84fa94-04c1-424b-9868-57a2d4851a1d" relativeResultsDirectory="a7aa965e-2ef5-4b7d-b576-4a2459f3b8f7" />
    <UnitTestResult executionId="26948677-5c42-4039-9b35-3fbefbd0b567" testId="e584de5a-b587-5966-ba42-4315f896d8cc" testName="OpenWinSidecar.Service.Tests.WsTextMessageAssemblerTests.PingInterleavedInFragment_Ignored" computerName="BLACKMINI" duration="00:00:00.0002531" startTime="2026-09-21T15:23:32.0256410+10:00" endTime="2026-09-21T15:23:32.0256849+10:00" testType="13cdc9d9-ddb5-4fa4-a97d-d965ccfc6d4b" outcome="Passed" testListId="8c84fa94-04c1-424b-9868-57a2d4851a1d" relativeResultsDirectory="26948677-5c42-4039-9b35-3fbefbd0b567" />
    <UnitTestResult executionId="631b2521-257f-4829-9e9a-70d7b9ba0d89" testId="6be058ef-0185-e2b5-21ff-0bae6d495336" testName="OpenWinSidecar.Service.Tests.LocalPreviewTests.Loopback_RequiresPreviewWithoutEnumeratingAdapters(peer: &quot;::ffff:127.0.0.1&quot;)" computerName="BLACKMINI" duration="00:00:00.0000986" startTime="2026-09-21T15:23:32.0184992+10:00" endTime="2026-09-21T15:23:32.0185947+10:00" testType="13cdc9d9-ddb5-4fa4-a97d-d965ccfc6d4b" outcome="Passed" testListId="8c84fa94-04c1-424b-9868-57a2d4851a1d" relativeResultsDirectory="631b2521-257f-4829-9e9a-70d7b9ba0d89" />
    <UnitTestResult executionId="879759f5-5c4d-46e9-bca9-5ed5a0fd7cf7" testId="b4e227f7-8f7c-d10a-7379-f025bbfee5b5" testName="OpenWinSidecar.Service.Tests.AuthAndOriginTests.Header_Bearer_Match_Allows" computerName="BLACKMINI" duration="00:00:00.0003111" startTime="2026-09-21T15:23:32.0185493+10:00" endTime="2026-09-21T15:23:32.0189505+10:00" testType="13cdc9d9-ddb5-4fa4-a97d-d965ccfc6d4b" outcome="Passed" testListId="8c84fa94-04c1-424b-9868-57a2d4851a1d" relativeResultsDirectory="879759f5-5c4d-46e9-bca9-5ed5a0fd7cf7" />
    <UnitTestResult executionId="9c0bfcb3-9adf-4bd0-b5b8-142802a5121d" testId="ca3a86ce-7b6c-1b95-b1ee-aba63c5782a8" testName="OpenWinSidecar.Service.Tests.CaptureAndSinkTests.Stats_HiddenOrNoPaint_SuppressMetrics(visible: &quot;false&quot;, frameAge: &quot;0&quot;, status: &quot;Hidden&quot;)" computerName="BLACKMINI" duration="00:00:00.5142130" startTime="2026-09-21T15:23:33.1962661+10:00" endTime="2026-09-21T15:23:33.7104260+10:00" testType="13cdc9d9-ddb5-4fa4-a97d-d965ccfc6d4b" outcome="Passed" testListId="8c84fa94-04c1-424b-9868-57a2d4851a1d" relativeResultsDirectory="9c0bfcb3-9adf-4bd0-b5b8-142802a5121d" />
    <UnitTestResult executionId="cac0a8fc-cac7-42b8-8e0f-ead02f1aba64" testId="66f936c9-932b-0b0e-8216-2bc521eb6b02" testName="OpenWinSidecar.Service.Tests.VersionConsistencyTests.InstallerDefine_Matches_CsprojVersion" computerName="BLACKMINI" duration="00:00:00.4129245" startTime="2026-09-21T15:23:31.5747676+10:00" endTime="2026-09-21T15:23:31.9944199+10:00" testType="13cdc9d9-ddb5-4fa4-a97d-d965ccfc6d4b" outcome="Passed" testListId="8c84fa94-04c1-424b-9868-57a2d4851a1d" relativeResultsDirectory="cac0a8fc-cac7-42b8-8e0f-ead02f1aba64" />
    <UnitTestResult executionId="ed50768d-9e06-4986-a44f-6fc3f798b14b" testId="623eb1b1-eb05-3ba9-46bd-05be3eaa2dc1" testName="OpenWinSidecar.Service.Tests.FfmpegSearchPathTests.SearchPaths_AllDistinct" computerName="BLACKMINI" duration="00:00:00.0002608" startTime="2026-09-21T15:23:32.0107285+10:00" endTime="2026-09-21T15:23:32.0115989+10:00" testType="13cdc9d9-ddb5-4fa4-a97d-d965ccfc6d4b" outcome="Passed" testListId="8c84fa94-04c1-424b-9868-57a2d4851a1d" relativeResultsDirectory="ed50768d-9e06-4986-a44f-6fc3f798b14b" />
    <UnitTestResult executionId="4a223dbd-5f7a-4701-8806-8291e0826979" testId="e1c461ff-f6aa-634d-c305-6f194f94f6be" testName="OpenWinSidecar.Service.Tests.PnputilParserTests.StatusLine_IsColumnAgnostic" computerName="BLACKMINI" duration="00:00:00.4094687" startTime="2026-09-21T15:23:31.5746384+10:00" endTime="2026-09-21T15:23:31.9733540+10:00" testType="13cdc9d9-ddb5-4fa4-a97d-d965ccfc6d4b" outcome="Passed" testListId="8c84fa94-04c1-424b-9868-57a2d4851a1d" relativeResultsDirectory="4a223dbd-5f7a-4701-8806-8291e0826979" />
    <UnitTestResult executionId="d2d2d1a3-f127-411a-8cc2-ab30ca286495" testId="c3fa8586-d5fc-c75e-e1c3-50ae2d86b960" testName="OpenWinSidecar.Service.Tests.AppleUsbSupportTests.GetDriverState_MatchesDeviceAttachment" computerName="BLACKMINI" duration="00:00:00.4587448" startTime="2026-09-21T15:23:31.5744832+10:00" endTime="2026-09-21T15:23:32.0273533+10:00" testType="13cdc9d9-ddb5-4fa4-a97d-d965ccfc6d4b" outcome="Passed" testListId="8c84fa94-04c1-424b-9868-57a2d4851a1d" relativeResultsDirectory="d2d2d1a3-f127-411a-8cc2-ab30ca286495" />
    <UnitTestResult executionId="49617a45-1c71-42f7-b2a4-4a022bc53b2d" testId="90cbd93b-2bb9-b4a2-7fea-aca3d4b0dbc2" testName="OpenWinSidecar.Service.Tests.PnputilParserTests.ParsesRealStatusLines(output: &quot;Instance ID:                ROOT\\DISPLAY\\0000\\0&quot;···, expected: Started)" computerName="BLACKMINI" duration="00:00:00.0001406" startTime="2026-09-21T15:23:32.0086767+10:00" endTime="2026-09-21T15:23:32.0090713+10:00" testType="13cdc9d9-ddb5-4fa4-a97d-d965ccfc6d4b" outcome="Passed" testListId="8c84fa94-04c1-424b-9868-57a2d4851a1d" relativeResultsDirectory="49617a45-1c71-42f7-b2a4-4a022bc53b2d" />
    <UnitTestResult executionId="8b6079a0-c3bf-4ac2-8bbb-d6a9d0b724c4" testId="885c7717-8285-259f-c559-ada1e5c2483a" testName="OpenWinSidecar.Service.Tests.CaptureAndSinkTests.HevcSend_CancellingRawInputWait_DoesNotCancelOrDropEncodedPackets" computerName="BLACKMINI" duration="00:00:00.0253880" startTime="2026-09-21T15:23:33.1084665+10:00" endTime="2026-09-21T15:23:33.1339774+10:00" testType="13cdc9d9-ddb5-4fa4-a97d-d965ccfc6d4b" outcome="Passed" testListId="8c84fa94-04c1-424b-9868-57a2d4851a1d" relativeResultsDirectory="8b6079a0-c3bf-4ac2-8bbb-d6a9d0b724c4" />
    <UnitTestResult executionId="354e31da-2ed3-413e-a0f5-153a0dcbc560" testId="ae776f65-536c-f8ac-3caf-b510472259c5" testName="OpenWinSidecar.Service.Tests.CaptureAndSinkTests.StreamFramerate_InvalidCommandPreservesSelection(command: &quot;fps:&quot;)" computerName="BLACKMINI" duration="00:00:00.0027459" startTime="2026-09-21T15:23:33.7132699+10:00" endTime="2026-09-21T15:23:33.7158401+10:00" testType="13cdc9d9-ddb5-4fa4-a97d-d965ccfc6d4b" outcome="Passed" testListId="8c84fa94-04c1-424b-9868-57a2d4851a1d" relativeResultsDirectory="354e31da-2ed3-413e-a0f5-153a0dcbc560" />
    <UnitTestResult executionId="95ffa909-8235-497d-aa6e-2e93611b994a" testId="e9ec602d-7e9e-d304-1cae-10ae907faa11" testName="OpenWinSidecar.Service.Tests.AuthAndOriginTests.Origin_SameHostAndPort_Allows" computerName="BLACKMINI" duration="00:00:00.0003233" startTime="2026-09-21T15:23:32.0129698+10:00" endTime="2026-09-21T15:23:32.0140195+10:00" testType="13cdc9d9-ddb5-4fa4-a97d-d965ccfc6d4b" outcome="Passed" testListId="8c84fa94-04c1-424b-9868-57a2d4851a1d" relativeResultsDirectory="95ffa909-8235-497d-aa6e-2e93611b994a" />
    <UnitTestResult executionId="85f9017c-affa-4f87-9221-95aa0c2171be" testId="4ed9a0a3-c5cf-7a59-92ad-bc61974e1a41" testName="OpenWinSidecar.Service.Tests.CaptureAndSinkTests.Stats_HiddenOrNoPaint_SuppressMetrics(visible: &quot;true&quot;, frameAge: &quot;null&quot;, status: &quot;No recent frames&quot;)" computerName="BLACKMINI" duration="00:00:00.0024361" startTime="2026-09-21T15:23:33.7107620+10:00" endTime="2026-09-21T15:23:33.7129856+10:00" testType="13cdc9d9-ddb5-4fa4-a97d-d965ccfc6d4b" outcome="Passed" testListId="8c84fa94-04c1-424b-9868-57a2d4851a1d" relativeResultsDirectory="85f9017c-affa-4f87-9221-95aa0c2171be" />
    <UnitTestResult executionId="e309d7d9-4f88-4622-a935-e203ad576734" testId="aca8c542-837a-52ca-b78d-bf2330988e44" testName="OpenWinSidecar.Service.Tests.CaptureAndSinkTests.HevcSend_FailureBalancesCount_AndDoesNotWedgeFollowingSend(failure: &quot;sync-error&quot;)" computerName="BLACKMINI" duration="00:00:00.0244734" startTime="2026-09-21T15:23:32.9680940+10:00" endTime="2026-09-21T15:23:32.9923108+10:00" testType="13cdc9d9-ddb5-4fa4-a97d-d965ccfc6d4b" outcome="Passed" testListId="8c84fa94-04c1-424b-9868-57a2d4851a1d" relativeResultsDirectory="e309d7d9-4f88-4622-a935-e203ad576734" />
    <UnitTestResult executionId="cd9a753d-696c-4abe-97b5-6d5e964766f4" testId="bebff88d-0da7-7f83-6f46-d2ff5b0b52bc" testName="OpenWinSidecar.Service.Tests.CaptureAndSinkTests.ActiveSink_WithRecentLastActivity_NotDisconnected" computerName="BLACKMINI" duration="00:00:00.0311844" startTime="2026-09-21T15:23:36.7662961+10:00" endTime="2026-09-21T15:23:36.7974582+10:00" testType="13cdc9d9-ddb5-4fa4-a97d-d965ccfc6d4b" outcome="Passed" testListId="8c84fa94-04c1-424b-9868-57a2d4851a1d" relativeResultsDirectory="cd9a753d-696c-4abe-97b5-6d5e964766f4" />
    <UnitTestResult executionId="e88e7b39-5920-462a-b239-fa10a554bdb2" testId="cfe232bd-0690-2add-8a02-9d47b1a7c554" testName="OpenWinSidecar.Service.Tests.WsTextMessageAssemblerTests.FragmentedText_Reassembled" computerName="BLACKMINI" duration="00:00:00.0003200" startTime="2026-09-21T15:23:32.0253342+10:00" endTime="2026-09-21T15:23:32.0253799+10:00" testType="13cdc9d9-ddb5-4fa4-a97d-d965ccfc6d4b" outcome="Passed" testListId="8c84fa94-04c1-424b-9868-57a2d4851a1d" relativeResultsDirectory="e88e7b39-5920-462a-b239-fa10a554bdb2" />
    <UnitTestResult executionId="b3042db0-20fa-423d-9597-3f1ba3ece23c" testId="d6cf6e3b-ff9e-769d-b892-d1707b7586e6" testName="OpenWinSidecar.Service.Tests.AuthAndOriginTests.Header_XAccessToken_Match_Allows" computerName="BLACKMINI" duration="00:00:00.0001605" startTime="2026-09-21T15:23:32.0204967+10:00" endTime="2026-09-21T15:23:32.0216388+10:00" testType="13cdc9d9-ddb5-4fa4-a97d-d965ccfc6d4b" outcome="Passed" testListId="8c84fa94-04c1-424b-9868-57a2d4851a1d" relativeResultsDirectory="b3042db0-20fa-423d-9597-3f1ba3ece23c" />
    <UnitTestResult executionId="6db506a7-3944-47c9-bba7-b5e4519a65b3" testId="c3c5459c-657f-225b-db2d-b591712791b5" testName="OpenWinSidecar.Service.Tests.RegistrySaveScriptTests.Build_WhenProtectionUnavailable_StoresPlaintextFallback" computerName="BLACKMINI" duration="00:00:00.0002192" startTime="2026-09-21T15:23:31.9965091+10:00" endTime="2026-09-21T15:23:31.9992678+10:00" testType="13cdc9d9-ddb5-4fa4-a97d-d965ccfc6d4b" outcome="Passed" testListId="8c84fa94-04c1-424b-9868-57a2d4851a1d" relativeResultsDirectory="6db506a7-3944-47c9-bba7-b5e4519a65b3" />
    <UnitTestResult executionId="14402e08-15a2-4cfb-8307-f91cd2f48b3e" testId="d4855f91-6188-0d40-eb07-178652382fc1" testName="OpenWinSidecar.Service.Tests.PnputilParserTests.NoStatusLine_ButInstanceIdPresent_ClassifiedAsProblem" computerName="BLACKMINI" duration="00:00:00.0002780" startTime="2026-09-21T15:23:31.9964745+10:00" endTime="2026-09-21T15:23:32.0081086+10:00" testType="13cdc9d9-ddb5-4fa4-a97d-d965ccfc6d4b" outcome="Passed" testListId="8c84fa94-04c1-424b-9868-57a2d4851a1d" relativeResultsDirectory="14402e08-15a2-4cfb-8307-f91cd2f48b3e" />
    <UnitTestResult executionId="df9da306-a778-47d8-afd1-9dad5540b7df" testId="d1e47d88-244a-7162-93d9-b188974b979e" testName="OpenWinSidecar.Service.Tests.FfmpegSearchPathTests.SearchPaths_WingetLinksAlias_Second" computerName="BLACKMINI" duration="00:00:00.0008056" startTime="2026-09-21T15:23:31.9968024+10:00" endTime="2026-09-21T15:23:32.0104718+10:00" testType="13cdc9d9-ddb5-4fa4-a97d-d965ccfc6d4b" outcome="Passed" testListId="8c84fa94-04c1-424b-9868-57a2d4851a1d" relativeResultsDirectory="df9da306-a778-47d8-afd1-9dad5540b7df" />
    <UnitTestResult executionId="d2dbfa8f-08b2-4042-b7e8-213ab2c3c2e6" testId="8a1f267b-d886-f0f5-012e-36e0807f2d16" testName="OpenWinSidecar.Service.Tests.CaptureAndSinkTests.HevcKeepAlive_ComposesOnStaticDesktop_AfterFeedInterval" computerName="BLACKMINI" duration="00:00:02.7980744" startTime="2026-09-21T15:23:33.7963341+10:00" endTime="2026-09-21T15:23:36.5945857+10:00" testType="13cdc9d9-ddb5-4fa4-a97d-d965ccfc6d4b" outcome="Passed" testListId="8c84fa94-04c1-424b-9868-57a2d4851a1d" relativeResultsDirectory="d2dbfa8f-08b2-4042-b7e8-213ab2c3c2e6" />
    <UnitTestResult executionId="18357276-1548-4413-91ae-c835a4f3c347" testId="2405681e-4799-003e-8ae9-8f26053631f5" testName="OpenWinSidecar.Service.Tests.AuthAndOriginTests.Header_Absent_Denies" computerName="BLACKMINI" duration="00:00:00.0001516" startTime="2026-09-21T15:23:32.0182328+10:00" endTime="2026-09-21T15:23:32.0182831+10:00" testType="13cdc9d9-ddb5-4fa4-a97d-d965ccfc6d4b" outcome="Passed" testListId="8c84fa94-04c1-424b-9868-57a2d4851a1d" relativeResultsDirectory="18357276-1548-4413-91ae-c835a4f3c347" />
    <UnitTestResult executionId="a4e19983-9615-4a76-a784-0aeb4b9fd000" testId="d1bd5870-141c-0ebc-c928-8fea920f6fb5" testName="OpenWinSidecar.Service.Tests.CaptureAndSinkTests.MissedFrame_ForcesFullRefresh_EvenWhenDesktopGoesStatic" computerName="BLACKMINI" duration="00:00:00.0311739" startTime="2026-09-21T15:23:37.4958775+10:00" endTime="2026-09-21T15:23:37.5265623+10:00" testType="13cdc9d9-ddb5-4fa4-a97d-d965ccfc6d4b" outcome="Passed" testListId="8c84fa94-04c1-424b-9868-57a2d4851a1d" relativeResultsDirectory="a4e19983-9615-4a76-a784-0aeb4b9fd000" />
    <UnitTestResult executionId="58423713-023c-4b6a-b180-3d614c6ec0bb" testId="104f3dbd-c411-d381-2ae2-a269ec7a4bb6" testName="OpenWinSidecar.Service.Tests.CaptureAndSinkTests.HevcSend_FailureBalancesCount_AndDoesNotWedgeFollowingSend(failure: &quot;async-error&quot;)" computerName="BLACKMINI" duration="00:00:00.0319885" startTime="2026-09-21T15:23:32.9925984+10:00" endTime="2026-09-21T15:23:33.0247465+10:00" testType="13cdc9d9-ddb5-4fa4-a97d-d965ccfc6d4b" outcome="Passed" testListId="8c84fa94-04c1-424b-9868-57a2d4851a1d" relativeResultsDirectory="58423713-023c-4b6a-b180-3d614c6ec0bb" />
    <UnitTestResult executionId="47f84d43-003e-473b-80b5-3f106c4cc33b" testId="cf768e50-8300-82b4-a0b5-8fac780c5132" testName="OpenWinSidecar.Service.Tests.CaptureAndSinkTests.Stats_NoReportOrMalformedJson_DoesNotInventFreshMetrics" computerName="BLACKMINI" duration="00:00:00.0307655" startTime="2026-09-21T15:23:36.5947850+10:00" endTime="2026-09-21T15:23:36.6254742+10:00" testType="13cdc9d9-ddb5-4fa4-a97d-d965ccfc6d4b" outcome="Passed" testListId="8c84fa94-04c1-424b-9868-57a2d4851a1d" relativeResultsDirectory="47f84d43-003e-473b-80b5-3f106c4cc33b" />
    <UnitTestResult executionId="d8207109-03c1-4107-ac39-2934468102cf" testId="cdf6683f-5482-c77d-2ffe-58f1e95b7954" testName="OpenWinSidecar.Service.Tests.WsTextMessageAssemblerTests.BinaryFrameIgnored_TextAfterStillParsed" computerName="BLACKMINI" duration="00:00:00.0002564" startTime="2026-09-21T15:23:32.0254842+10:00" endTime="2026-09-21T15:23:32.0255426+10:00" testType="13cdc9d9-ddb5-4fa4-a97d-d965ccfc6d4b" outcome="Passed" testListId="8c84fa94-04c1-424b-9868-57a2d4851a1d" relativeResultsDirectory="d8207109-03c1-4107-ac39-2934468102cf" />
    <UnitTestResult executionId="bda18224-1918-49c9-9d7c-15bf02e7b9fd" testId="6840c6a2-924b-65fc-5716-b443287b15ef" testName="OpenWinSidecar.Service.Tests.HevcTimingTests.FailedPushRetiresAllPendingEntries_WithoutShiftingAssociations" computerName="BLACKMINI" duration="00:00:00.0021616" startTime="2026-09-21T15:23:31.9968971+10:00" endTime="2026-09-21T15:23:32.0150115+10:00" testType="13cdc9d9-ddb5-4fa4-a97d-d965ccfc6d4b" outcome="Passed" testListId="8c84fa94-04c1-424b-9868-57a2d4851a1d" relativeResultsDirectory="bda18224-1918-49c9-9d7c-15bf02e7b9fd" />
    <UnitTestResult executionId="5d5bdef7-c90d-418c-af46-2d7ce73d38b9" testId="7d9b3388-0812-5299-dac7-a922ab935dfb" testName="OpenWinSidecar.Service.Tests.HevcParserTests.Parser_HoldsPartialNalUntilTerminatorArrives" computerName="BLACKMINI" duration="00:00:00.4181563" startTime="2026-09-21T15:23:31.5746606+10:00" endTime="2026-09-21T15:23:32.0221925+10:00" testType="13cdc9d9-ddb5-4fa4-a97d-d965ccfc6d4b" outcome="Passed" testListId="8c84fa94-04c1-424b-9868-57a2d4851a1d" relativeResultsDirectory="5d5bdef7-c90d-418c-af46-2d7ce73d38b9" />
    <UnitTestResult executionId="2f5d61b9-eb06-49f6-bf41-0d34e8d69a8c" testId="bd214067-2b52-f4dc-adae-e2a77ce7b6a6" testName="OpenWinSidecar.Service.Tests.WebCodecsFramingTests.WriteHeaders_MediumFrame_UsesExtended16BitLength" computerName="BLACKMINI" duration="00:00:00.0002442" startTime="2026-09-21T15:23:32.0239807+10:00" endTime="2026-09-21T15:23:32.0240264+10:00" testType="13cdc9d9-ddb5-4fa4-a97d-d965ccfc6d4b" outcome="Passed" testListId="8c84fa94-04c1-424b-9868-57a2d4851a1d" relativeResultsDirectory="2f5d61b9-eb06-49f6-bf41-0d34e8d69a8c" />
    <UnitTestResult executionId="5a70bcd1-c235-4838-93c7-1d906c9eeb65" testId="fd23121d-c360-86aa-6bb2-927785e26ce1" testName="OpenWinSidecar.Service.Tests.LocalPreviewTests.AssignedAddress_RequiresPreview(peer: &quot;2001:db8::12&quot;, assigned: &quot;2001:db8::12&quot;)" computerName="BLACKMINI" duration="00:00:00.0000173" startTime="2026-09-21T15:23:32.0082179+10:00" endTime="2026-09-21T15:23:32.0084527+10:00" testType="13cdc9d9-ddb5-4fa4-a97d-d965ccfc6d4b" outcome="Passed" testListId="8c84fa94-04c1-424b-9868-57a2d4851a1d" relativeResultsDirectory="5a70bcd1-c235-4838-93c7-1d906c9eeb65" />
    <UnitTestResult executionId="745f497d-e8f4-44b7-be97-5ad3454f4be0" testId="a12b42e3-6481-d61e-2e5d-64a070e6830a" testName="OpenWinSidecar.Service.Tests.LocalPreviewTests.OtherPeer_DoesNotRequirePreview(peer: &quot;::ffff:192.168.1.13&quot;)" computerName="BLACKMINI" duration="00:00:00.0000151" startTime="2026-09-21T15:23:32.0138572+10:00" endTime="2026-09-21T15:23:32.0139063+10:00" testType="13cdc9d9-ddb5-4fa4-a97d-d965ccfc6d4b" outcome="Passed" testListId="8c84fa94-04c1-424b-9868-57a2d4851a1d" relativeResultsDirectory="745f497d-e8f4-44b7-be97-5ad3454f4be0" />
    <UnitTestResult executionId="66491e13-11f2-4c38-a8cf-59b20943bec0" testId="9686340b-eaf4-e21e-1cac-46de06fcfa3a" testName="OpenWinSidecar.Service.Tests.HevcTimingTests.MissingAndInvalidPairsAreNeverFabricated" computerName="BLACKMINI" duration="00:00:00.4091134" startTime="2026-09-21T15:23:31.5745804+10:00" endTime="2026-09-21T15:23:31.9733877+10:00" testType="13cdc9d9-ddb5-4fa4-a97d-d965ccfc6d4b" outcome="Passed" testListId="8c84fa94-04c1-424b-9868-57a2d4851a1d" relativeResultsDirectory="66491e13-11f2-4c38-a8cf-59b20943bec0" />
    <UnitTestResult executionId="9d6b8854-2281-470d-90b4-4b5ffcceaf4b" testId="5212f286-4629-36a9-683a-26da11313553" testName="OpenWinSidecar.Service.Tests.LocalPreviewTests.Injection_ChangesOnlyMarkedBoolean(required: True, literal: &quot;true&quot;)" computerName="BLACKMINI" duration="00:00:00.0002606" startTime="2026-09-21T15:23:32.0180336+10:00" endTime="2026-09-21T15:23:32.0183587+10:00" testType="13cdc9d9-ddb5-4fa4-a97d-d965ccfc6d4b" outcome="Passed" testListId="8c84fa94-04c1-424b-9868-57a2d4851a1d" relativeResultsDirectory="9d6b8854-2281-470d-90b4-4b5ffcceaf4b" />
    <UnitTestResult executionId="b0f44830-f080-49c3-a22a-4716916469c0" testId="52cfce93-a901-ec04-04ce-0853e68d4b3e" testName="OpenWinSidecar.Service.Tests.LocalPreviewTests.AssignedAddress_RequiresPreview(peer: &quot;192.168.1.12&quot;, assigned: &quot;::ffff:192.168.1.12&quot;)" computerName="BLACKMINI" duration="00:00:00.4097334" startTime="2026-09-21T15:23:31.5745203+10:00" endTime="2026-09-21T15:23:31.9731841+10:00" testType="13cdc9d9-ddb5-4fa4-a97d-d965ccfc6d4b" outcome="Passed" testListId="8c84fa94-04c1-424b-9868-57a2d4851a1d" relativeResultsDirectory="b0f44830-f080-49c3-a22a-4716916469c0" />
    <UnitTestResult executionId="9b1bddd2-8023-4bb8-b54a-22ad045c640a" testId="f0a56a89-4a37-a81c-d562-5954e7d4e7ff" testName="OpenWinSidecar.Service.Tests.HubRecoveryTests.SingletonGuard_ExemptsDiagnosticsOnly" computerName="BLACKMINI" duration="00:00:00.0002983" startTime="2026-09-21T15:23:32.0261762+10:00" endTime="2026-09-21T15:23:32.0262265+10:00" testType="13cdc9d9-ddb5-4fa4-a97d-d965ccfc6d4b" outcome="Passed" testListId="8c84fa94-04c1-424b-9868-57a2d4851a1d" relativeResultsDirectory="9b1bddd2-8023-4bb8-b54a-22ad045c640a" />
    <UnitTestResult executionId="eb863506-98bc-4220-b2d3-52275836de88" testId="8c8240b9-ca83-9a20-3cff-12eada4bff58" testName="OpenWinSidecar.Service.Tests.HevcTimingTests.TimestampCapacityDoesNotEvictAndMislabelOldestInput" computerName="BLACKMINI" duration="00:00:00.0004856" startTime="2026-09-21T15:23:32.0233102+10:00" endTime="2026-09-21T15:23:32.0233603+10:00" testType="13cdc9d9-ddb5-4fa4-a97d-d965ccfc6d4b" outcome="Passed" testListId="8c84fa94-04c1-424b-9868-57a2d4851a1d" relativeResultsDirectory="eb863506-98bc-4220-b2d3-52275836de88" />
    <UnitTestResult executionId="32728549-aa7a-438a-a835-7a8e7f2fb64b" testId="0ff705c7-3668-80f5-9e37-a97eca05b9e4" testName="OpenWinSidecar.Service.Tests.PnputilParserTests.EmptyOutput_MeansDeviceMissing" computerName="BLACKMINI" duration="00:00:00.0001773" startTime="2026-09-21T15:23:32.0128914+10:00" endTime="2026-09-21T15:23:32.0132823+10:00" testType="13cdc9d9-ddb5-4fa4-a97d-d965ccfc6d4b" outcome="Passed" testListId="8c84fa94-04c1-424b-9868-57a2d4851a1d" relativeResultsDirectory="32728549-aa7a-438a-a835-7a8e7f2fb64b" />
    <UnitTestResult executionId="7b37c026-a4ac-4b65-877e-dbc46656a6e7" testId="5469ad29-23d0-bf2d-a89f-dea70f3b437a" testName="OpenWinSidecar.Service.Tests.AuthAndOriginTests.Origin_Malformed_Denies" computerName="BLACKMINI" duration="00:00:00.0012622" startTime="2026-09-21T15:23:31.9964111+10:00" endTime="2026-09-21T15:23:32.0117969+10:00" testType="13cdc9d9-ddb5-4fa4-a97d-d965ccfc6d4b" outcome="Passed" testListId="8c84fa94-04c1-424b-9868-57a2d4851a1d" relativeResultsDirectory="7b37c026-a4ac-4b65-877e-dbc46656a6e7" />
    <UnitTestResult executionId="4d629cb4-7bea-4018-8b87-01f063888ce6" testId="75106d93-cf55-fa7c-ed55-cabd0cc8cbad" testName="OpenWinSidecar.Service.Tests.HubRecoveryTests.Watchdog_StallDecision" computerName="BLACKMINI" duration="00:00:00.4068126" startTime="2026-09-21T15:23:31.5747248+10:00" endTime="2026-09-21T15:23:31.9747523+10:00" testType="13cdc9d9-ddb5-4fa4-a97d-d965ccfc6d4b" outcome="Passed" testListId="8c84fa94-04c1-424b-9868-57a2d4851a1d" relativeResultsDirectory="4d629cb4-7bea-4018-8b87-01f063888ce6" />
    <UnitTestResult executionId="d81c8f53-e13a-4900-873a-da0010ce236a" testId="176e2a77-f5c7-e784-2936-27e8ed8dcc9b" testName="OpenWinSidecar.Service.Tests.CaptureAndSinkTests.SinkDispose_IsIdempotent" computerName="BLACKMINI" duration="00:00:00.0024830" startTime="2026-09-21T15:23:33.1058923+10:00" endTime="2026-09-21T15:23:33.1081748+10:00" testType="13cdc9d9-ddb5-4fa4-a97d-d965ccfc6d4b" outcome="Passed" testListId="8c84fa94-04c1-424b-9868-57a2d4851a1d" relativeResultsDirectory="d81c8f53-e13a-4900-873a-da0010ce236a" />
    <UnitTestResult executionId="cad7ce60-c20b-4390-8d6b-15eb5a4cf654" testId="355f46e0-ec7b-b20a-bb20-66dbb39521d1" testName="OpenWinSidecar.Service.Tests.RegistrySaveScriptTests.Build_WhenPasswordProtected_ClearsLegacyPlaintextValue" computerName="BLACKMINI" duration="00:00:00.0006658" startTime="2026-09-21T15:23:32.0102619+10:00" endTime="2026-09-21T15:23:32.0130208+10:00" testType="13cdc9d9-ddb5-4fa4-a97d-d965ccfc6d4b" outcome="Passed" testListId="8c84fa94-04c1-424b-9868-57a2d4851a1d" relativeResultsDirectory="cad7ce60-c20b-4390-8d6b-15eb5a4cf654" />
    <UnitTestResult executionId="66eea75b-0edb-4d77-ab75-b99e162d2e66" testId="ddac08e1-a3e2-98b0-690d-a82ae7916a0e" testName="OpenWinSidecar.Service.Tests.FfmpegSearchPathTests.SearchPaths_AppLocalBundle_First" computerName="BLACKMINI" duration="00:00:00.4106846" startTime="2026-09-21T15:23:31.5746853+10:00" endTime="2026-09-21T15:23:31.9651324+10:00" testType="13cdc9d9-ddb5-4fa4-a97d-d965ccfc6d4b" outcome="Passed" testListId="8c84fa94-04c1-424b-9868-57a2d4851a1d" relativeResultsDirectory="66eea75b-0edb-4d77-ab75-b99e162d2e66" />
    <UnitTestResult executionId="9a9427aa-0d56-439f-96c6-05f3d500b8ca" testId="5a7d2cd4-3373-b8ac-efa6-07c58bbf233c" testName="OpenWinSidecar.Service.Tests.HevcTimingTests.OutputBeforePushReturns_WaitsForConfirmation_AndFailureIsNotMeasured(success: True)" computerName="BLACKMINI" duration="00:00:00.0123047" startTime="2026-09-21T15:23:32.0270442+10:00" endTime="2026-09-21T15:23:32.0270998+10:00" testType="13cdc9d9-ddb5-4fa4-a97d-d965ccfc6d4b" outcome="Passed" testListId="8c84fa94-04c1-424b-9868-57a2d4851a1d" relativeResultsDirectory="9a9427aa-0d56-439f-96c6-05f3d500b8ca" />
    <UnitTestResult executionId="3a2711ef-35f2-4f88-8fff-9a5b4fb97563" testId="d41e7cfc-15f2-35e1-c4a1-49fca7eb212a" testName="OpenWinSidecar.Service.Tests.PnputilParserTests.ParsesRealStatusLines(output: &quot;Instance ID:                ROOT\\DISPLAY\\0000\\0&quot;···, expected: Disabled)" computerName="BLACKMINI" duration="00:00:00.0003470" startTime="2026-09-21T15:23:32.0092183+10:00" endTime="2026-09-21T15:23:32.0107525+10:00" testType="13cdc9d9-ddb5-4fa4-a97d-d965ccfc6d4b" outcome="Passed" testListId="8c84fa94-04c1-424b-9868-57a2d4851a1d" relativeResultsDirectory="3a2711ef-35f2-4f88-8fff-9a5b4fb97563" />
    <UnitTestResult executionId="6503e565-f7f9-4f19-9a76-ac5cc54a8008" testId="fc5e3b7c-7cad-3df0-4ba8-07c9056710bb" testName="OpenWinSidecar.Service.Tests.HubRecoveryTests.SingletonGuard_SecondAcquireInProcessRefused" computerName="BLACKMINI" duration="00:00:00.0008484" startTime="2026-09-21T15:23:32.0260134+10:00" endTime="2026-09-21T15:23:32.0260576+10:00" testType="13cdc9d9-ddb5-4fa4-a97d-d965ccfc6d4b" outcome="Passed" testListId="8c84fa94-04c1-424b-9868-57a2d4851a1d" relativeResultsDirectory="6503e565-f7f9-4f19-9a76-ac5cc54a8008" />
    <UnitTestResult executionId="e4f0afb2-a2ce-4b0b-bb14-5c27fb855a84" testId="b5776fd8-dbc8-a0fa-1ca2-ae74ced83e54" testName="OpenWinSidecar.Service.Tests.LocalPreviewTests.Loopback_RequiresPreviewWithoutEnumeratingAdapters(peer: &quot;127.42.1.2&quot;)" computerName="BLACKMINI" duration="00:00:00.0000083" startTime="2026-09-21T15:23:32.0188320+10:00" endTime="2026-09-21T15:23:32.0188792+10:00" testType="13cdc9d9-ddb5-4fa4-a97d-d965ccfc6d4b" outcome="Passed" testListId="8c84fa94-04c1-424b-9868-57a2d4851a1d" relativeResultsDirectory="e4f0afb2-a2ce-4b0b-bb14-5c27fb855a84" />
    <UnitTestResult executionId="2a7fe83d-01a2-434b-a6cd-78d17cdc5abd" testId="ab5e7604-c132-5f2c-2d78-cc785304e73f" testName="OpenWinSidecar.Service.Tests.CaptureAndSinkTests.Stats_ExpireIndependentlyOfConnectionActivity_At15Seconds" computerName="BLACKMINI" duration="00:00:00.0302112" startTime="2026-09-21T15:23:36.8289493+10:00" endTime="2026-09-21T15:23:36.8590659+10:00" testType="13cdc9d9-ddb5-4fa4-a97d-d965ccfc6d4b" outcome="Passed" testListId="8c84fa94-04c1-424b-9868-57a2d4851a1d" relativeResultsDirectory="2a7fe83d-01a2-434b-a6cd-78d17cdc5abd" />
    <UnitTestResult executionId="d9812711-c6b2-485c-bd2d-43357f12fd02" testId="1135a9c3-cbad-b246-9f50-28f199704abf" testName="OpenWinSidecar.Service.Tests.WsTextMessageAssemblerTests.FragmentedText_SplitAcrossReads_Reassembled" computerName="BLACKMINI" duration="00:00:00.0009916" startTime="2026-09-21T15:23:32.0251271+10:00" endTime="2026-09-21T15:23:32.0252062+10:00" testType="13cdc9d9-ddb5-4fa4-a97d-d965ccfc6d4b" outcome="Passed" testListId="8c84fa94-04c1-424b-9868-57a2d4851a1d" relativeResultsDirectory="d9812711-c6b2-485c-bd2d-43357f12fd02" />
    <UnitTestResult executionId="1fad6411-82ae-4db7-b872-5d7a3567de28" testId="f678ca95-3fc1-9d13-4b55-1fd9a97d834f" testName="OpenWinSidecar.Service.Tests.AppleUsbSupportTests.ClassifyEndpoint_MatchesAppleMobileDeviceEthernet_AsUsbCable" computerName="BLACKMINI" duration="00:00:00.0001827" startTime="2026-09-21T15:23:32.0930141+10:00" endTime="2026-09-21T15:23:32.0930704+10:00" testType="13cdc9d9-ddb5-4fa4-a97d-d965ccfc6d4b" outcome="Passed" testListId="8c84fa94-04c1-424b-9868-57a2d4851a1d" relativeResultsDirectory="1fad6411-82ae-4db7-b872-5d7a3567de28" />
    <UnitTestResult executionId="9876a704-8624-4496-b72c-5912003cd61b" testId="03db9cc3-1b5a-3172-c2b6-2330b233ea17" testName="OpenWinSidecar.Service.Tests.HevcParserTests.Parser_IgnoresLeadingGarbageWithoutStartCode" computerName="BLACKMINI" duration="00:00:00.0003410" startTime="2026-09-21T15:23:32.0223573+10:00" endTime="2026-09-21T15:23:32.0224109+10:00" testType="13cdc9d9-ddb5-4fa4-a97d-d965ccfc6d4b" outcome="Passed" testListId="8c84fa94-04c1-424b-9868-57a2d4851a1d" relativeResultsDirectory="9876a704-8624-4496-b72c-5912003cd61b" />
    <UnitTestResult executionId="57fb9988-ec3b-47cb-b87f-145410c90abd" testId="8ae56372-f880-ea67-04af-f0f63a04f1aa" testName="OpenWinSidecar.Service.Tests.PnputilParserTests.ParsesRealStatusLines(output: &quot;Instance ID:                ROOT\\DISPLAY\\0000\\0&quot;···, expected: Problem)" computerName="BLACKMINI" duration="00:00:00.0000090" startTime="2026-09-21T15:23:32.0109141+10:00" endTime="2026-09-21T15:23:32.0109720+10:00" testType="13cdc9d9-ddb5-4fa4-a97d-d965ccfc6d4b" outcome="Passed" testListId="8c84fa94-04c1-424b-9868-57a2d4851a1d" relativeResultsDirectory="57fb9988-ec3b-47cb-b87f-145410c90abd" />
  </Results>
  <TestDefinitions>
    <UnitTest name="OpenWinSidecar.Service.Tests.WsTextMessageAssemblerTests.FragmentedText_SplitAcrossReads_Reassembled" storage="c:\users\julianb\source\repos\openwinsidecar\tests\openwinsidecar.service.tests\bin\release\net10.0-windows\openwinsidecar.service.tests.dll" id="1135a9c3-cbad-b246-9f50-28f199704abf">
      <Execution id="d9812711-c6b2-485c-bd2d-43357f12fd02" />
      <TestMethod codeBase="C:\Users\JulianB\source\repos\OpenWinSidecar\tests\OpenWinSidecar.Service.Tests\bin\Release\net10.0-windows\OpenWinSidecar.Service.Tests.dll" adapterTypeName="executor://xunit/VsTestRunner3/netcore/" className="OpenWinSidecar.Service.Tests.WsTextMessageAssemblerTests" name="FragmentedText_SplitAcrossReads_Reassembled" />
    </UnitTest>
    <UnitTest name="OpenWinSidecar.Service.Tests.CaptureAndSinkTests.StreamFramerate_DefaultsTo60_AndChangesIndependentlyOfResolution" storage="c:\users\julianb\source\repos\openwinsidecar\tests\openwinsidecar.service.tests\bin\release\net10.0-windows\openwinsidecar.service.tests.dll" id="d95b61bc-0666-820e-865d-4ed47cf05da3">
      <Execution id="e7329494-4c4d-416c-b75a-d50dbaddbd4a" />
      <TestMethod codeBase="C:\Users\JulianB\source\repos\OpenWinSidecar\tests\OpenWinSidecar.Service.Tests\bin\Release\net10.0-windows\OpenWinSidecar.Service.Tests.dll" adapterTypeName="executor://xunit/VsTestRunner3/netcore/" className="OpenWinSidecar.Service.Tests.CaptureAndSinkTests" name="StreamFramerate_DefaultsTo60_AndChangesIndependentlyOfResolution" />
    </UnitTest>
    <UnitTest name="OpenWinSidecar.Service.Tests.FfmpegSearchPathTests.SearchPaths_WingetLinksAlias_Second" storage="c:\users\julianb\source\repos\openwinsidecar\tests\openwinsidecar.service.tests\bin\release\net10.0-windows\openwinsidecar.service.tests.dll" id="d1e47d88-244a-7162-93d9-b188974b979e">
      <Execution id="df9da306-a778-47d8-afd1-9dad5540b7df" />
      <TestMethod codeBase="C:\Users\JulianB\source\repos\OpenWinSidecar\tests\OpenWinSidecar.Service.Tests\bin\Release\net10.0-windows\OpenWinSidecar.Service.Tests.dll" adapterTypeName="executor://xunit/VsTestRunner3/netcore/" className="OpenWinSidecar.Service.Tests.FfmpegSearchPathTests" name="SearchPaths_WingetLinksAlias_Second" />
    </UnitTest>
    <UnitTest name="OpenWinSidecar.Service.Tests.CaptureAndSinkTests.SinkDispose_IsIdempotent" storage="c:\users\julianb\source\repos\openwinsidecar\tests\openwinsidecar.service.tests\bin\release\net10.0-windows\openwinsidecar.service.tests.dll" id="176e2a77-f5c7-e784-2936-27e8ed8dcc9b">
      <Execution id="d81c8f53-e13a-4900-873a-da0010ce236a" />
      <TestMethod codeBase="C:\Users\JulianB\source\repos\OpenWinSidecar\tests\OpenWinSidecar.Service.Tests\bin\Release\net10.0-windows\OpenWinSidecar.Service.Tests.dll" adapterTypeName="executor://xunit/VsTestRunner3/netcore/" className="OpenWinSidecar.Service.Tests.CaptureAndSinkTests" name="SinkDispose_IsIdempotent" />
    </UnitTest>
    <UnitTest name="OpenWinSidecar.Service.Tests.HevcTimingTests.TimestampCapacityDoesNotEvictAndMislabelOldestInput" storage="c:\users\julianb\source\repos\openwinsidecar\tests\openwinsidecar.service.tests\bin\release\net10.0-windows\openwinsidecar.service.tests.dll" id="8c8240b9-ca83-9a20-3cff-12eada4bff58">
      <Execution id="eb863506-98bc-4220-b2d3-52275836de88" />
      <TestMethod codeBase="C:\Users\JulianB\source\repos\OpenWinSidecar\tests\OpenWinSidecar.Service.Tests\bin\Release\net10.0-windows\OpenWinSidecar.Service.Tests.dll" adapterTypeName="executor://xunit/VsTestRunner3/netcore/" className="OpenWinSidecar.Service.Tests.HevcTimingTests" name="TimestampCapacityDoesNotEvictAndMislabelOldestInput" />
    </UnitTest>
    <UnitTest name="OpenWinSidecar.Service.Tests.HevcTimingTests.FailedPushRetiresAllPendingEntries_WithoutShiftingAssociations" storage="c:\users\julianb\source\repos\openwinsidecar\tests\openwinsidecar.service.tests\bin\release\net10.0-windows\openwinsidecar.service.tests.dll" id="6840c6a2-924b-65fc-5716-b443287b15ef">
      <Execution id="bda18224-1918-49c9-9d7c-15bf02e7b9fd" />
      <TestMethod codeBase="C:\Users\JulianB\source\repos\OpenWinSidecar\tests\OpenWinSidecar.Service.Tests\bin\Release\net10.0-windows\OpenWinSidecar.Service.Tests.dll" adapterTypeName="executor://xunit/VsTestRunner3/netcore/" className="OpenWinSidecar.Service.Tests.HevcTimingTests" name="FailedPushRetiresAllPendingEntries_WithoutShiftingAssociations" />
    </UnitTest>
    <UnitTest name="OpenWinSidecar.Service.Tests.CaptureAndSinkTests.StreamFramerate_InvalidCommandPreservesSelection(command: &quot;fps:30.0&quot;)" storage="c:\users\julianb\source\repos\openwinsidecar\tests\openwinsidecar.service.tests\bin\release\net10.0-windows\openwinsidecar.service.tests.dll" id="b07c1a69-b095-0b0f-92bf-36df6bc8fd5b">
      <Execution id="a893492f-23c0-4cfb-a305-764004f7aa00" />
      <TestMethod codeBase="C:\Users\JulianB\source\repos\OpenWinSidecar\tests\OpenWinSidecar.Service.Tests\bin\Release\net10.0-windows\OpenWinSidecar.Service.Tests.dll" adapterTypeName="executor://xunit/VsTestRunner3/netcore/" className="OpenWinSidecar.Service.Tests.CaptureAndSinkTests" name="StreamFramerate_InvalidCommandPreservesSelection" />
    </UnitTest>
    <UnitTest name="OpenWinSidecar.Service.Tests.CaptureAndSinkTests.HevcSend_CancellingRawInputWait_DoesNotCancelOrDropEncodedPackets" storage="c:\users\julianb\source\repos\openwinsidecar\tests\openwinsidecar.service.tests\bin\release\net10.0-windows\openwinsidecar.service.tests.dll" id="885c7717-8285-259f-c559-ada1e5c2483a">
      <Execution id="8b6079a0-c3bf-4ac2-8bbb-d6a9d0b724c4" />
      <TestMethod codeBase="C:\Users\JulianB\source\repos\OpenWinSidecar\tests\OpenWinSidecar.Service.Tests\bin\Release\net10.0-windows\OpenWinSidecar.Service.Tests.dll" adapterTypeName="executor://xunit/VsTestRunner3/netcore/" className="OpenWinSidecar.Service.Tests.CaptureAndSinkTests" name="HevcSend_CancellingRawInputWait_DoesNotCancelOrDropEncodedPackets" />
    </UnitTest>
    <UnitTest name="OpenWinSidecar.Service.Tests.AuthAndOriginTests.Origin_ForeignHost_Denies" storage="c:\users\julianb\source\repos\openwinsidecar\tests\openwinsidecar.service.tests\bin\release\net10.0-windows\openwinsidecar.service.tests.dll" id="0375d138-d6d9-deae-48e5-2058e37598d4">
      <Execution id="cce73990-83ff-4e72-84b7-37369a90f379" />
      <TestMethod codeBase="C:\Users\JulianB\source\repos\OpenWinSidecar\tests\OpenWinSidecar.Service.Tests\bin\Release\net10.0-windows\OpenWinSidecar.Service.Tests.dll" adapterTypeName="executor://xunit/VsTestRunner3/netcore/" className="OpenWinSidecar.Service.Tests.AuthAndOriginTests" name="Origin_ForeignHost_Denies" />
    </UnitTest>
    <UnitTest name="OpenWinSidecar.Service.Tests.CaptureAndSinkTests.StreamFramerate_InvalidCommandPreservesSelection(command: &quot;fps:60,120&quot;)" storage="c:\users\julianb\source\repos\openwinsidecar\tests\openwinsidecar.service.tests\bin\release\net10.0-windows\openwinsidecar.service.tests.dll" id="fa98659f-8f10-f8e7-7593-410174bb934b">
      <Execution id="3108a4dc-7f05-4aa2-808e-4c8e15234ee8" />
      <TestMethod codeBase="C:\Users\JulianB\source\repos\OpenWinSidecar\tests\OpenWinSidecar.Service.Tests\bin\Release\net10.0-windows\OpenWinSidecar.Service.Tests.dll" adapterTypeName="executor://xunit/VsTestRunner3/netcore/" className="OpenWinSidecar.Service.Tests.CaptureAndSinkTests" name="StreamFramerate_InvalidCommandPreservesSelection" />
    </UnitTest>
    <UnitTest name="OpenWinSidecar.Service.Tests.CaptureAndSinkTests.PartialDirtyUpdate_ComposesChangedRegion_AndPreservesRest" storage="c:\users\julianb\source\repos\openwinsidecar\tests\openwinsidecar.service.tests\bin\release\net10.0-windows\openwinsidecar.service.tests.dll" id="f6e27b4f-5377-373c-fb35-cedfa5f42455">
      <Execution id="48f3e822-44b8-407c-a2b9-d7ace3f6a34f" />
      <TestMethod codeBase="C:\Users\JulianB\source\repos\OpenWinSidecar\tests\OpenWinSidecar.Service.Tests\bin\Release\net10.0-windows\OpenWinSidecar.Service.Tests.dll" adapterTypeName="executor://xunit/VsTestRunner3/netcore/" className="OpenWinSidecar.Service.Tests.CaptureAndSinkTests" name="PartialDirtyUpdate_ComposesChangedRegion_AndPreservesRest" />
    </UnitTest>
    <UnitTest name="OpenWinSidecar.Service.Tests.CaptureAndSinkTests.StreamFramerate_InvalidCommandPreservesSelection(command: &quot;fps:31&quot;)" storage="c:\users\julianb\source\repos\openwinsidecar\tests\openwinsidecar.service.tests\bin\release\net10.0-windows\openwinsidecar.service.tests.dll" id="d300a80e-0ac2-0055-309b-53ae2f108395">
      <Execution id="01bb8507-f72c-49ed-8efc-0336ecc60aa9" />
      <TestMethod codeBase="C:\Users\JulianB\source\repos\OpenWinSidecar\tests\OpenWinSidecar.Service.Tests\bin\Release\net10.0-windows\OpenWinSidecar.Service.Tests.dll" adapterTypeName="executor://xunit/VsTestRunner3/netcore/" className="OpenWinSidecar.Service.Tests.CaptureAndSinkTests" name="StreamFramerate_InvalidCommandPreservesSelection" />
    </UnitTest>
    <UnitTest name="OpenWinSidecar.Service.Tests.AppleUsbSupportTests.ClassifyEndpoint_DoesNotTreatPlainUsbAdapters_AsAppleCable" storage="c:\users\julianb\source\repos\openwinsidecar\tests\openwinsidecar.service.tests\bin\release\net10.0-windows\openwinsidecar.service.tests.dll" id="c5fd5825-6ca9-4cad-8c4c-efc591d19425">
      <Execution id="0875ad17-e75c-429b-bb35-5901ac2e188b" />
      <TestMethod codeBase="C:\Users\JulianB\source\repos\OpenWinSidecar\tests\OpenWinSidecar.Service.Tests\bin\Release\net10.0-windows\OpenWinSidecar.Service.Tests.dll" adapterTypeName="executor://xunit/VsTestRunner3/netcore/" className="OpenWinSidecar.Service.Tests.AppleUsbSupportTests" name="ClassifyEndpoint_DoesNotTreatPlainUsbAdapters_AsAppleCable" />
    </UnitTest>
    <UnitTest name="OpenWinSidecar.Service.Tests.WsTextMessageAssemblerTests.FragmentedRead_MessageReassembled" storage="c:\users\julianb\source\repos\openwinsidecar\tests\openwinsidecar.service.tests\bin\release\net10.0-windows\openwinsidecar.service.tests.dll" id="1ef2aa99-595b-c2e6-841c-9a0223bb621e">
      <Execution id="47a2f61d-ccf9-47ea-a556-48a1927f1f0d" />
      <TestMethod codeBase="C:\Users\JulianB\source\repos\OpenWinSidecar\tests\OpenWinSidecar.Service.Tests\bin\Release\net10.0-windows\OpenWinSidecar.Service.Tests.dll" adapterTypeName="executor://xunit/VsTestRunner3/netcore/" className="OpenWinSidecar.Service.Tests.WsTextMessageAssemblerTests" name="FragmentedRead_MessageReassembled" />
    </UnitTest>
    <UnitTest name="OpenWinSidecar.Service.Tests.CaptureAndSinkTests.HevcKeepAlive_ComposesOnStaticDesktop_AfterFeedInterval" storage="c:\users\julianb\source\repos\openwinsidecar\tests\openwinsidecar.service.tests\bin\release\net10.0-windows\openwinsidecar.service.tests.dll" id="8a1f267b-d886-f0f5-012e-36e0807f2d16">
      <Execution id="d2dbfa8f-08b2-4042-b7e8-213ab2c3c2e6" />
      <TestMethod codeBase="C:\Users\JulianB\source\repos\OpenWinSidecar\tests\OpenWinSidecar.Service.Tests\bin\Release\net10.0-windows\OpenWinSidecar.Service.Tests.dll" adapterTypeName="executor://xunit/VsTestRunner3/netcore/" className="OpenWinSidecar.Service.Tests.CaptureAndSinkTests" name="HevcKeepAlive_ComposesOnStaticDesktop_AfterFeedInterval" />
    </UnitTest>
    <UnitTest name="OpenWinSidecar.Service.Tests.CaptureAndSinkTests.StreamFramerate_InvalidCommandPreservesSelection(command: &quot;fps: 60&quot;)" storage="c:\users\julianb\source\repos\openwinsidecar\tests\openwinsidecar.service.tests\bin\release\net10.0-windows\openwinsidecar.service.tests.dll" id="7bdfe2d4-8a73-8ed9-a3ec-93b88df0c631">
      <Execution id="bc87a88e-0344-4681-8d33-bb13987c1798" />
[...]
    <TestEntry testId="f51d3a14-0dd9-5e71-d829-fac556bc67fa" executionId="3b808113-6d29-4954-8e13-572200105ab2" testListId="8c84fa94-04c1-424b-9868-57a2d4851a1d" />
    <TestEntry testId="fcedcf1e-3bac-06a6-7337-3620e532891b" executionId="e9057f2f-0243-430f-ac62-3148a901cdff" testListId="8c84fa94-04c1-424b-9868-57a2d4851a1d" />
    <TestEntry testId="3e3d06be-0bc6-3e33-0c7e-11cfa4164e9b" executionId="b8bae466-ad1f-4055-becf-8b8d45a4d21d" testListId="8c84fa94-04c1-424b-9868-57a2d4851a1d" />
    <TestEntry testId="5041b457-5fcd-ce53-2f58-0e5f03c1e9a3" executionId="1b4f66b5-9e3c-4340-b746-e622e7777919" testListId="8c84fa94-04c1-424b-9868-57a2d4851a1d" />
    <TestEntry testId="add86b49-7799-4b89-bf23-2f8e135bb1a0" executionId="0dab08ad-510f-4a40-a74f-608dbcb21b1b" testListId="8c84fa94-04c1-424b-9868-57a2d4851a1d" />
    <TestEntry testId="82e09f5b-6ec6-4762-f0ae-a8ce2eceec07" executionId="99c4c450-7707-4631-a60f-1147ca27b6bd" testListId="8c84fa94-04c1-424b-9868-57a2d4851a1d" />
    <TestEntry testId="d0f4bd7e-a974-4044-97e2-fc739fe4cdcb" executionId="34e2eb15-9dc7-481e-8a83-3c8dcd96945f" testListId="8c84fa94-04c1-424b-9868-57a2d4851a1d" />
    <TestEntry testId="7e5a387c-90a4-5876-bfc0-feb003719b62" executionId="2044295c-67ca-4cf0-b6e1-85a7f4056a7c" testListId="8c84fa94-04c1-424b-9868-57a2d4851a1d" />
    <TestEntry testId="7bdfe2d4-8a73-8ed9-a3ec-93b88df0c631" executionId="bc87a88e-0344-4681-8d33-bb13987c1798" testListId="8c84fa94-04c1-424b-9868-57a2d4851a1d" />
    <TestEntry testId="e501c1ee-b4b0-c352-db27-427469cc2f7a" executionId="933ce472-b27b-48de-95f0-ec3bd8dfb3c6" testListId="8c84fa94-04c1-424b-9868-57a2d4851a1d" />
    <TestEntry testId="2053b90d-4cf3-8757-b9c6-211b2bca557c" executionId="9ee51cb0-f749-4cf7-b122-19d0d1a88d3c" testListId="8c84fa94-04c1-424b-9868-57a2d4851a1d" />
    <TestEntry testId="b921eb83-7ba4-9e27-4eb9-6b2e53778dd2" executionId="7219e49f-4db1-4131-8693-dc8ea23e4446" testListId="8c84fa94-04c1-424b-9868-57a2d4851a1d" />
    <TestEntry testId="a604e790-4364-e883-826f-95fc4423e22c" executionId="3b854671-3ed0-4c1c-9935-12b6dcfd3957" testListId="8c84fa94-04c1-424b-9868-57a2d4851a1d" />
    <TestEntry testId="3a0befa9-3695-809a-4d92-f280ffa4b67d" executionId="aa7a3345-309f-45b5-a171-f6a3dd617d87" testListId="8c84fa94-04c1-424b-9868-57a2d4851a1d" />
    <TestEntry testId="088f35a9-255b-afb6-f1b1-99c404f9046d" executionId="1e55b283-950e-43fb-92c4-6b195465a8f2" testListId="8c84fa94-04c1-424b-9868-57a2d4851a1d" />
    <TestEntry testId="d77cefe7-3de8-35af-e06e-1a76f3862939" executionId="2fccc570-1949-4485-bd02-482960b0c4c5" testListId="8c84fa94-04c1-424b-9868-57a2d4851a1d" />
    <TestEntry testId="f6e27b4f-5377-373c-fb35-cedfa5f42455" executionId="48f3e822-44b8-407c-a2b9-d7ace3f6a34f" testListId="8c84fa94-04c1-424b-9868-57a2d4851a1d" />
    <TestEntry testId="73db33b5-250a-4b29-1ab6-2065f01921d0" executionId="8911768f-08d8-4d7e-bb6d-f1146acef522" testListId="8c84fa94-04c1-424b-9868-57a2d4851a1d" />
    <TestEntry testId="7956a77d-a443-edc6-4071-5d1526a77b41" executionId="4b00edcb-9e41-46ba-98cb-2bffbf6804c9" testListId="8c84fa94-04c1-424b-9868-57a2d4851a1d" />
    <TestEntry testId="a5a5cbad-f203-9ce7-db62-f05e57a1874e" executionId="e8763408-b476-43aa-9e51-9708ead14943" testListId="8c84fa94-04c1-424b-9868-57a2d4851a1d" />
    <TestEntry testId="e79b061e-e7c4-df4f-7ac1-35f6bc4692b9" executionId="57a12983-88b9-419f-b8bb-6984a5ee3837" testListId="8c84fa94-04c1-424b-9868-57a2d4851a1d" />
    <TestEntry testId="f41bc807-2be5-59dc-a7ab-bfacb1b58e59" executionId="c2db5dc9-e56d-4720-9762-656e945f650c" testListId="8c84fa94-04c1-424b-9868-57a2d4851a1d" />
    <TestEntry testId="55e33654-adae-1ce2-d54b-7ac7d287a993" executionId="0a2f21fc-f9c7-4195-8419-ef3100b8aca6" testListId="8c84fa94-04c1-424b-9868-57a2d4851a1d" />
    <TestEntry testId="b07c1a69-b095-0b0f-92bf-36df6bc8fd5b" executionId="a893492f-23c0-4cfb-a305-764004f7aa00" testListId="8c84fa94-04c1-424b-9868-57a2d4851a1d" />
    <TestEntry testId="e5efe085-f88a-a36f-d2a8-a478d770e0b6" executionId="0ddbef95-cbc7-4ad3-a3d6-a9ecc04944d0" testListId="8c84fa94-04c1-424b-9868-57a2d4851a1d" />
    <TestEntry testId="8f0f6d6a-663a-6555-6cfb-86e4c396cf3e" executionId="bd728a0a-05d7-4ff1-865b-7301f795c559" testListId="8c84fa94-04c1-424b-9868-57a2d4851a1d" />
    <TestEntry testId="0375d138-d6d9-deae-48e5-2058e37598d4" executionId="cce73990-83ff-4e72-84b7-37369a90f379" testListId="8c84fa94-04c1-424b-9868-57a2d4851a1d" />
    <TestEntry testId="d95b61bc-0666-820e-865d-4ed47cf05da3" executionId="e7329494-4c4d-416c-b75a-d50dbaddbd4a" testListId="8c84fa94-04c1-424b-9868-57a2d4851a1d" />
    <TestEntry testId="a69c7725-9ef4-4733-7bfc-29fef9bcfd27" executionId="6dbe512d-0403-4e93-98e9-99924fbfd626" testListId="8c84fa94-04c1-424b-9868-57a2d4851a1d" />
    <TestEntry testId="76c9351e-3c2c-26f6-4bb7-0d6b5eeaaee4" executionId="96b01bf2-a721-4872-a2f2-d2683cca4c36" testListId="8c84fa94-04c1-424b-9868-57a2d4851a1d" />
    <TestEntry testId="838bcb8f-bd99-e099-e5f5-4d032c0df85e" executionId="d73e70dd-8548-43f2-939e-b63ddf952fac" testListId="8c84fa94-04c1-424b-9868-57a2d4851a1d" />
    <TestEntry testId="cc866259-0ba4-073b-db92-00f0d89571f8" executionId="a22600bc-ec6d-47a2-8284-b6b05cae5032" testListId="8c84fa94-04c1-424b-9868-57a2d4851a1d" />
    <TestEntry testId="1ef2aa99-595b-c2e6-841c-9a0223bb621e" executionId="47a2f61d-ccf9-47ea-a556-48a1927f1f0d" testListId="8c84fa94-04c1-424b-9868-57a2d4851a1d" />
    <TestEntry testId="4cfd23ca-d6e2-8023-7370-61a9af471169" executionId="1779c462-27cf-43a1-86c2-faf8020c6a33" testListId="8c84fa94-04c1-424b-9868-57a2d4851a1d" />
    <TestEntry testId="8d5304c7-d0d6-5c7c-154f-2eab9a56a5cb" executionId="30f5fe7d-507d-4108-84f8-d6ecdd14ea0f" testListId="8c84fa94-04c1-424b-9868-57a2d4851a1d" />
    <TestEntry testId="cbe73808-38b7-54ce-6ee0-f49e3845ae33" executionId="cc42cb18-01ca-4311-97c0-13fe5f5fd357" testListId="8c84fa94-04c1-424b-9868-57a2d4851a1d" />
    <TestEntry testId="b6dfb501-7689-f3e4-2dad-39a7e0117f16" executionId="ab1d8fe8-0e9c-4119-af7c-e9dbb7316587" testListId="8c84fa94-04c1-424b-9868-57a2d4851a1d" />
    <TestEntry testId="14d7b695-0773-8c5c-04be-13831411cdfd" executionId="6beb6616-e37e-45aa-9507-8940fe2a3fb1" testListId="8c84fa94-04c1-424b-9868-57a2d4851a1d" />
    <TestEntry testId="c959aeb9-31a6-8863-abff-61bb8347ef5b" executionId="e2146d97-53e3-4c84-81d3-9d3d9bc4489b" testListId="8c84fa94-04c1-424b-9868-57a2d4851a1d" />
    <TestEntry testId="69aff420-cc83-b9fc-9062-26d084d3c700" executionId="86e97174-d0f7-4d78-a6e2-8b1d9db24f32" testListId="8c84fa94-04c1-424b-9868-57a2d4851a1d" />
    <TestEntry testId="bcfb2f88-6b24-ef66-0659-3782052426cc" executionId="cd0fb512-a7c7-4272-bd60-ee5ab336190a" testListId="8c84fa94-04c1-424b-9868-57a2d4851a1d" />
    <TestEntry testId="920b3059-982e-aa06-5063-77d50f8bfb1e" executionId="cd73d421-882c-4573-9367-ef74d0b86ae8" testListId="8c84fa94-04c1-424b-9868-57a2d4851a1d" />
    <TestEntry testId="340a72d0-a8e4-ce0f-04f5-c56bc4f99800" executionId="92bd04b0-6ffb-48a2-ab25-d34ccfabde8f" testListId="8c84fa94-04c1-424b-9868-57a2d4851a1d" />
    <TestEntry testId="59f4a552-ee7e-3909-b030-139c8c11708a" executionId="1dda170c-101a-46d5-ab06-9a77b90487d9" testListId="8c84fa94-04c1-424b-9868-57a2d4851a1d" />
    <TestEntry testId="f344bfb3-bf59-7c3a-2d10-185465a8b065" executionId="3737aec9-b2a1-46e0-aec2-6eac04ec4e98" testListId="8c84fa94-04c1-424b-9868-57a2d4851a1d" />
    <TestEntry testId="2942ae30-dcf2-5aec-32e8-8f173ff4a432" executionId="f3a701fd-4a53-46aa-88b2-277000176f29" testListId="8c84fa94-04c1-424b-9868-57a2d4851a1d" />
    <TestEntry testId="4d76137c-38c8-204e-b2c8-87e8deefc86e" executionId="fb64f4a3-b7df-4bef-873f-2b7515b2c4af" testListId="8c84fa94-04c1-424b-9868-57a2d4851a1d" />
    <TestEntry testId="fc514d24-630f-730b-437a-f06d820eb2e4" executionId="a7aa965e-2ef5-4b7d-b576-4a2459f3b8f7" testListId="8c84fa94-04c1-424b-9868-57a2d4851a1d" />
    <TestEntry testId="e584de5a-b587-5966-ba42-4315f896d8cc" executionId="26948677-5c42-4039-9b35-3fbefbd0b567" testListId="8c84fa94-04c1-424b-9868-57a2d4851a1d" />
    <TestEntry testId="6be058ef-0185-e2b5-21ff-0bae6d495336" executionId="631b2521-257f-4829-9e9a-70d7b9ba0d89" testListId="8c84fa94-04c1-424b-9868-57a2d4851a1d" />
    <TestEntry testId="b4e227f7-8f7c-d10a-7379-f025bbfee5b5" executionId="879759f5-5c4d-46e9-bca9-5ed5a0fd7cf7" testListId="8c84fa94-04c1-424b-9868-57a2d4851a1d" />
    <TestEntry testId="ca3a86ce-7b6c-1b95-b1ee-aba63c5782a8" executionId="9c0bfcb3-9adf-4bd0-b5b8-142802a5121d" testListId="8c84fa94-04c1-424b-9868-57a2d4851a1d" />
    <TestEntry testId="66f936c9-932b-0b0e-8216-2bc521eb6b02" executionId="cac0a8fc-cac7-42b8-8e0f-ead02f1aba64" testListId="8c84fa94-04c1-424b-9868-57a2d4851a1d" />
    <TestEntry testId="623eb1b1-eb05-3ba9-46bd-05be3eaa2dc1" executionId="ed50768d-9e06-4986-a44f-6fc3f798b14b" testListId="8c84fa94-04c1-424b-9868-57a2d4851a1d" />
    <TestEntry testId="e1c461ff-f6aa-634d-c305-6f194f94f6be" executionId="4a223dbd-5f7a-4701-8806-8291e0826979" testListId="8c84fa94-04c1-424b-9868-57a2d4851a1d" />
    <TestEntry testId="c3fa8586-d5fc-c75e-e1c3-50ae2d86b960" executionId="d2d2d1a3-f127-411a-8cc2-ab30ca286495" testListId="8c84fa94-04c1-424b-9868-57a2d4851a1d" />
    <TestEntry testId="90cbd93b-2bb9-b4a2-7fea-aca3d4b0dbc2" executionId="49617a45-1c71-42f7-b2a4-4a022bc53b2d" testListId="8c84fa94-04c1-424b-9868-57a2d4851a1d" />
    <TestEntry testId="885c7717-8285-259f-c559-ada1e5c2483a" executionId="8b6079a0-c3bf-4ac2-8bbb-d6a9d0b724c4" testListId="8c84fa94-04c1-424b-9868-57a2d4851a1d" />
    <TestEntry testId="ae776f65-536c-f8ac-3caf-b510472259c5" executionId="354e31da-2ed3-413e-a0f5-153a0dcbc560" testListId="8c84fa94-04c1-424b-9868-57a2d4851a1d" />
    <TestEntry testId="e9ec602d-7e9e-d304-1cae-10ae907faa11" executionId="95ffa909-8235-497d-aa6e-2e93611b994a" testListId="8c84fa94-04c1-424b-9868-57a2d4851a1d" />
    <TestEntry testId="4ed9a0a3-c5cf-7a59-92ad-bc61974e1a41" executionId="85f9017c-affa-4f87-9221-95aa0c2171be" testListId="8c84fa94-04c1-424b-9868-57a2d4851a1d" />
    <TestEntry testId="aca8c542-837a-52ca-b78d-bf2330988e44" executionId="e309d7d9-4f88-4622-a935-e203ad576734" testListId="8c84fa94-04c1-424b-9868-57a2d4851a1d" />
    <TestEntry testId="bebff88d-0da7-7f83-6f46-d2ff5b0b52bc" executionId="cd9a753d-696c-4abe-97b5-6d5e964766f4" testListId="8c84fa94-04c1-424b-9868-57a2d4851a1d" />
    <TestEntry testId="cfe232bd-0690-2add-8a02-9d47b1a7c554" executionId="e88e7b39-5920-462a-b239-fa10a554bdb2" testListId="8c84fa94-04c1-424b-9868-57a2d4851a1d" />
    <TestEntry testId="d6cf6e3b-ff9e-769d-b892-d1707b7586e6" executionId="b3042db0-20fa-423d-9597-3f1ba3ece23c" testListId="8c84fa94-04c1-424b-9868-57a2d4851a1d" />
    <TestEntry testId="c3c5459c-657f-225b-db2d-b591712791b5" executionId="6db506a7-3944-47c9-bba7-b5e4519a65b3" testListId="8c84fa94-04c1-424b-9868-57a2d4851a1d" />
    <TestEntry testId="d4855f91-6188-0d40-eb07-178652382fc1" executionId="14402e08-15a2-4cfb-8307-f91cd2f48b3e" testListId="8c84fa94-04c1-424b-9868-57a2d4851a1d" />
    <TestEntry testId="d1e47d88-244a-7162-93d9-b188974b979e" executionId="df9da306-a778-47d8-afd1-9dad5540b7df" testListId="8c84fa94-04c1-424b-9868-57a2d4851a1d" />
    <TestEntry testId="8a1f267b-d886-f0f5-012e-36e0807f2d16" executionId="d2dbfa8f-08b2-4042-b7e8-213ab2c3c2e6" testListId="8c84fa94-04c1-424b-9868-57a2d4851a1d" />
    <TestEntry testId="2405681e-4799-003e-8ae9-8f26053631f5" executionId="18357276-1548-4413-91ae-c835a4f3c347" testListId="8c84fa94-04c1-424b-9868-57a2d4851a1d" />
    <TestEntry testId="d1bd5870-141c-0ebc-c928-8fea920f6fb5" executionId="a4e19983-9615-4a76-a784-0aeb4b9fd000" testListId="8c84fa94-04c1-424b-9868-57a2d4851a1d" />
    <TestEntry testId="104f3dbd-c411-d381-2ae2-a269ec7a4bb6" executionId="58423713-023c-4b6a-b180-3d614c6ec0bb" testListId="8c84fa94-04c1-424b-9868-57a2d4851a1d" />
    <TestEntry testId="cf768e50-8300-82b4-a0b5-8fac780c5132" executionId="47f84d43-003e-473b-80b5-3f106c4cc33b" testListId="8c84fa94-04c1-424b-9868-57a2d4851a1d" />
    <TestEntry testId="cdf6683f-5482-c77d-2ffe-58f1e95b7954" executionId="d8207109-03c1-4107-ac39-2934468102cf" testListId="8c84fa94-04c1-424b-9868-57a2d4851a1d" />
    <TestEntry testId="6840c6a2-924b-65fc-5716-b443287b15ef" executionId="bda18224-1918-49c9-9d7c-15bf02e7b9fd" testListId="8c84fa94-04c1-424b-9868-57a2d4851a1d" />
    <TestEntry testId="7d9b3388-0812-5299-dac7-a922ab935dfb" executionId="5d5bdef7-c90d-418c-af46-2d7ce73d38b9" testListId="8c84fa94-04c1-424b-9868-57a2d4851a1d" />
    <TestEntry testId="bd214067-2b52-f4dc-adae-e2a77ce7b6a6" executionId="2f5d61b9-eb06-49f6-bf41-0d34e8d69a8c" testListId="8c84fa94-04c1-424b-9868-57a2d4851a1d" />
    <TestEntry testId="fd23121d-c360-86aa-6bb2-927785e26ce1" executionId="5a70bcd1-c235-4838-93c7-1d906c9eeb65" testListId="8c84fa94-04c1-424b-9868-57a2d4851a1d" />
    <TestEntry testId="a12b42e3-6481-d61e-2e5d-64a070e6830a" executionId="745f497d-e8f4-44b7-be97-5ad3454f4be0" testListId="8c84fa94-04c1-424b-9868-57a2d4851a1d" />
    <TestEntry testId="9686340b-eaf4-e21e-1cac-46de06fcfa3a" executionId="66491e13-11f2-4c38-a8cf-59b20943bec0" testListId="8c84fa94-04c1-424b-9868-57a2d4851a1d" />
    <TestEntry testId="5212f286-4629-36a9-683a-26da11313553" executionId="9d6b8854-2281-470d-90b4-4b5ffcceaf4b" testListId="8c84fa94-04c1-424b-9868-57a2d4851a1d" />
    <TestEntry testId="52cfce93-a901-ec04-04ce-0853e68d4b3e" executionId="b0f44830-f080-49c3-a22a-4716916469c0" testListId="8c84fa94-04c1-424b-9868-57a2d4851a1d" />
    <TestEntry testId="f0a56a89-4a37-a81c-d562-5954e7d4e7ff" executionId="9b1bddd2-8023-4bb8-b54a-22ad045c640a" testListId="8c84fa94-04c1-424b-9868-57a2d4851a1d" />
    <TestEntry testId="8c8240b9-ca83-9a20-3cff-12eada4bff58" executionId="eb863506-98bc-4220-b2d3-52275836de88" testListId="8c84fa94-04c1-424b-9868-57a2d4851a1d" />
    <TestEntry testId="0ff705c7-3668-80f5-9e37-a97eca05b9e4" executionId="32728549-aa7a-438a-a835-7a8e7f2fb64b" testListId="8c84fa94-04c1-424b-9868-57a2d4851a1d" />
    <TestEntry testId="5469ad29-23d0-bf2d-a89f-dea70f3b437a" executionId="7b37c026-a4ac-4b65-877e-dbc46656a6e7" testListId="8c84fa94-04c1-424b-9868-57a2d4851a1d" />
    <TestEntry testId="75106d93-cf55-fa7c-ed55-cabd0cc8cbad" executionId="4d629cb4-7bea-4018-8b87-01f063888ce6" testListId="8c84fa94-04c1-424b-9868-57a2d4851a1d" />
    <TestEntry testId="176e2a77-f5c7-e784-2936-27e8ed8dcc9b" executionId="d81c8f53-e13a-4900-873a-da0010ce236a" testListId="8c84fa94-04c1-424b-9868-57a2d4851a1d" />
    <TestEntry testId="355f46e0-ec7b-b20a-bb20-66dbb39521d1" executionId="cad7ce60-c20b-4390-8d6b-15eb5a4cf654" testListId="8c84fa94-04c1-424b-9868-57a2d4851a1d" />
    <TestEntry testId="ddac08e1-a3e2-98b0-690d-a82ae7916a0e" executionId="66eea75b-0edb-4d77-ab75-b99e162d2e66" testListId="8c84fa94-04c1-424b-9868-57a2d4851a1d" />
    <TestEntry testId="5a7d2cd4-3373-b8ac-efa6-07c58bbf233c" executionId="9a9427aa-0d56-439f-96c6-05f3d500b8ca" testListId="8c84fa94-04c1-424b-9868-57a2d4851a1d" />
    <TestEntry testId="d41e7cfc-15f2-35e1-c4a1-49fca7eb212a" executionId="3a2711ef-35f2-4f88-8fff-9a5b4fb97563" testListId="8c84fa94-04c1-424b-9868-57a2d4851a1d" />
    <TestEntry testId="fc5e3b7c-7cad-3df0-4ba8-07c9056710bb" executionId="6503e565-f7f9-4f19-9a76-ac5cc54a8008" testListId="8c84fa94-04c1-424b-9868-57a2d4851a1d" />
    <TestEntry testId="b5776fd8-dbc8-a0fa-1ca2-ae74ced83e54" executionId="e4f0afb2-a2ce-4b0b-bb14-5c27fb855a84" testListId="8c84fa94-04c1-424b-9868-57a2d4851a1d" />
    <TestEntry testId="ab5e7604-c132-5f2c-2d78-cc785304e73f" executionId="2a7fe83d-01a2-434b-a6cd-78d17cdc5abd" testListId="8c84fa94-04c1-424b-9868-57a2d4851a1d" />
    <TestEntry testId="1135a9c3-cbad-b246-9f50-28f199704abf" executionId="d9812711-c6b2-485c-bd2d-43357f12fd02" testListId="8c84fa94-04c1-424b-9868-57a2d4851a1d" />
    <TestEntry testId="f678ca95-3fc1-9d13-4b55-1fd9a97d834f" executionId="1fad6411-82ae-4db7-b872-5d7a3567de28" testListId="8c84fa94-04c1-424b-9868-57a2d4851a1d" />
    <TestEntry testId="03db9cc3-1b5a-3172-c2b6-2330b233ea17" executionId="9876a704-8624-4496-b72c-5912003cd61b" testListId="8c84fa94-04c1-424b-9868-57a2d4851a1d" />
    <TestEntry testId="8ae56372-f880-ea67-04af-f0f63a04f1aa" executionId="57fb9988-ec3b-47cb-b87f-145410c90abd" testListId="8c84fa94-04c1-424b-9868-57a2d4851a1d" />
  </TestEntries>
  <TestLists>
    <TestList name="Results Not in a List" id="8c84fa94-04c1-424b-9868-57a2d4851a1d" />
    <TestList name="All Loaded Results" id="19431567-8539-422a-85d7-44ee4e166bda" />
  </TestLists>
  <ResultSummary outcome="Completed">
    <Counters total="121" executed="121" passed="121" failed="0" error="0" timeout="0" aborted="0" inconclusive="0" passedButRunAborted="0" notRunnable="0" notExecuted="0" disconnected="0" warning="0" completed="0" inProgress="0" pending="0" />
    <Output>
      <StdOut>[xUnit.net 00:00:00.00] xUnit.net VSTest Adapter v3.1.4+50e68bbb8b (64-bit .NET 10.0.12)&#xD;
[xUnit.net 00:00:00.36]   Discovering: OpenWinSidecar.Service.Tests&#xD;
[xUnit.net 00:00:00.67]   Discovered:  OpenWinSidecar.Service.Tests&#xD;
[xUnit.net 00:00:00.71]   Starting:    OpenWinSidecar.Service.Tests&#xD;
[HEVC] first VCL NAL: type=19 len=6 bytes=26-01-80-AA-BB-CC&#xD;
[HEVC] first-VCL seen with no pending push stamp - association will not record&#xD;
[HEVC] first access unit: 10 bytes, key=True&#xD;
[HEVC] keyframe AU #1: 10 bytes at 05:23:31.968&#xD;
[HEVC] first-VCL seen with no pending push stamp - association will not record&#xD;
[Sink] TEST-DISPLAY: HEVC packet send failed (TaskCanceledException): A task was canceled.&#xD;
[Sink] TEST-DISPLAY: HEVC packet send failed (IOException): synchronous send failure&#xD;
[Sink] TEST-DISPLAY: HEVC packet send failed (IOException): asynchronous send failure&#xD;
[Sink] First frame composed 64x48 for TEST-DISPLAY&#xD;
[Sink] First JPEG frame sent: 306 bytes, ts=1000us&#xD;
[Sink] First frame composed 64x48 for TEST-DISPLAY&#xD;
[Sink] First JPEG frame sent: 305 bytes, ts=1000us&#xD;
[Sink] First frame composed 64x48 for TEST-DISPLAY&#xD;
[HEVC] Selected hardware encoder: Intel QuickSync (hevc_qsv)&#xD;
[HEVC] Encoder started: 64x48 @ 4081 kbps, 36000-frame GOP, 8-bit - Intel QuickSync (hevc_qsv)&#xD;
[Sink] TEST-DISPLAY: encode+send 2154.9ms/frame over 1 frames (0/s)&#xD;
[HEVC][ff] [hevc_qsv @ 0000018e314658c0] Low power mode is unsupported&#xD;
[HEVC][ff] [hevc_qsv @ 0000018e314658c0] Current resolution is unsupported&#xD;
[HEVC][ff] [hevc_qsv @ 0000018e314658c0] some encoding parameters are not supported by the QSV runtime. Please double check the input parameters.&#xD;
[HEVC][ff] [vost#0:0/hevc_qsv @ 0000018e317c5840] [enc:hevc_qsv @ 0000018e29d8ad80] Error while opening encoder - maybe incorrect parameters such as bit_rate, rate, width or height.&#xD;
[HEVC][ff] [vf#0:0 @ 0000018e3144c740] Error sending frames to consumers: Function not implemented&#xD;
[HEVC][ff] [vf#0:0 @ 0000018e3144c740] Task finished with error code: -40 (Function not implemented)&#xD;
[HEVC][ff] [vf#0:0 @ 0000018e3144c740] Terminating thread with return code -40 (Function not implemented)&#xD;
[HEVC][ff] [vost#0:0/hevc_qsv @ 0000018e317c5840] [enc:hevc_qsv @ 0000018e29d8ad80] Could not open encoder before EOF&#xD;
[HEVC][ff] [vost#0:0/hevc_qsv @ 0000018e317c5840] Task finished with error code: -22 (Invalid argument)&#xD;
[HEVC][ff] [vost#0:0/hevc_qsv @ 0000018e317c5840] Terminating thread with return code -22 (Invalid argument)&#xD;
[Sink] First frame composed 32x24 for TEST-DISPLAY&#xD;
[Sink] First frame composed 64x48 for TEST-DISPLAY&#xD;
[HEVC] Encoder started: 64x48 @ 4081 kbps, 36000-frame GOP, 8-bit - Intel QuickSync (hevc_qsv)&#xD;
[Sink] 192.168.1.99:1234 stale (last activity 120s ago) - disconnecting&#xD;
[Sink] First frame composed 64x48 for TEST-DISPLAY&#xD;
[Sink] First JPEG frame sent: 305 bytes, ts=1000us&#xD;
[xUnit.net 00:00:06.76]   Finished:    OpenWinSidecar.Service.Tests&#xD;
</StdOut>
    </Output>
  </ResultSummary>
</TestRun>